{"D:\\Proyectos\\mediplan\\backend\\src\\app.js": {"path":"D:\\Proyectos\\mediplan\\backend\\src\\app.js","statementMap":{"0":{"start":{"line":9,"column":12},"end":{"line":9,"column":21}},"1":{"start":{"line":11,"column":0},"end":{"line":11,"column":16}},"2":{"start":{"line":12,"column":0},"end":{"line":12,"column":24}},"3":{"start":{"line":15,"column":0},"end":{"line":15,"column":33}},"4":{"start":{"line":16,"column":0},"end":{"line":16,"column":39}},"5":{"start":{"line":17,"column":0},"end":{"line":17,"column":42}},"6":{"start":{"line":18,"column":0},"end":{"line":18,"column":34}},"7":{"start":{"line":21,"column":0},"end":{"line":21,"column":19}},"8":{"start":{"line":22,"column":0},"end":{"line":22,"column":38}}},"fnMap":{},"branchMap":{},"s":{"0":0,"1":0,"2":0,"3":0,"4":0,"5":0,"6":0,"7":0,"8":0},"f":{},"b":{}}
,"D:\\Proyectos\\mediplan\\backend\\src\\seed.js": {"path":"D:\\Proyectos\\mediplan\\backend\\src\\seed.js","statementMap":{"0":{"start":{"line":8,"column":16},"end":{"line":157,"column":1}},"1":{"start":{"line":9,"column":2},"end":{"line":156,"column":3}},"2":{"start":{"line":10,"column":4},"end":{"line":10,"column":59}},"3":{"start":{"line":12,"column":4},"end":{"line":12,"column":23}},"4":{"start":{"line":13,"column":4},"end":{"line":13,"column":27}},"5":{"start":{"line":14,"column":4},"end":{"line":14,"column":41}},"6":{"start":{"line":17,"column":27},"end":{"line":19,"column":6}},"7":{"start":{"line":22,"column":4},"end":{"line":34,"column":5}},"8":{"start":{"line":23,"column":6},"end":{"line":23,"column":29}},"9":{"start":{"line":24,"column":6},"end":{"line":24,"column":79}},"10":{"start":{"line":26,"column":19},"end":{"line":26,"column":50}},"11":{"start":{"line":27,"column":6},"end":{"line":32,"column":9}},"12":{"start":{"line":33,"column":6},"end":{"line":33,"column":76}},"13":{"start":{"line":37,"column":25},"end":{"line":50,"column":5}},"14":{"start":{"line":52,"column":21},"end":{"line":52,"column":23}},"15":{"start":{"line":53,"column":4},"end":{"line":63,"column":5}},"16":{"start":{"line":54,"column":24},"end":{"line":54,"column":80}},"17":{"start":{"line":55,"column":6},"end":{"line":62,"column":7}},"18":{"start":{"line":56,"column":8},"end":{"line":56,"column":33}},"19":{"start":{"line":57,"column":8},"end":{"line":57,"column":90}},"20":{"start":{"line":59,"column":23},"end":{"line":59,"column":48}},"21":{"start":{"line":60,"column":8},"end":{"line":60,"column":30}},"22":{"start":{"line":61,"column":8},"end":{"line":61,"column":81}},"23":{"start":{"line":66,"column":26},"end":{"line":85,"column":5}},"24":{"start":{"line":87,"column":22},"end":{"line":87,"column":24}},"25":{"start":{"line":88,"column":4},"end":{"line":98,"column":5}},"26":{"start":{"line":89,"column":24},"end":{"line":89,"column":88}},"27":{"start":{"line":90,"column":6},"end":{"line":97,"column":7}},"28":{"start":{"line":91,"column":8},"end":{"line":91,"column":34}},"29":{"start":{"line":92,"column":8},"end":{"line":92,"column":98}},"30":{"start":{"line":94,"column":23},"end":{"line":94,"column":50}},"31":{"start":{"line":95,"column":8},"end":{"line":95,"column":31}},"32":{"start":{"line":96,"column":8},"end":{"line":96,"column":83}},"33":{"start":{"line":101,"column":16},"end":{"line":101,"column":26}},"34":{"start":{"line":102,"column":23},"end":{"line":102,"column":68}},"35":{"start":{"line":103,"column":4},"end":{"line":103,"column":36}},"36":{"start":{"line":104,"column":23},"end":{"line":104,"column":68}},"37":{"start":{"line":105,"column":4},"end":{"line":105,"column":37}},"38":{"start":{"line":106,"column":23},"end":{"line":106,"column":72}},"39":{"start":{"line":107,"column":4},"end":{"line":107,"column":37}},"40":{"start":{"line":109,"column":22},"end":{"line":128,"column":5}},"41":{"start":{"line":130,"column":4},"end":{"line":147,"column":5}},"42":{"start":{"line":131,"column":24},"end":{"line":137,"column":8}},"43":{"start":{"line":139,"column":6},"end":{"line":146,"column":7}},"44":{"start":{"line":140,"column":8},"end":{"line":140,"column":86}},"45":{"start":{"line":142,"column":23},"end":{"line":142,"column":46}},"46":{"start":{"line":143,"column":8},"end":{"line":145,"column":10}},"47":{"start":{"line":149,"column":4},"end":{"line":149,"column":50}},"48":{"start":{"line":151,"column":4},"end":{"line":151,"column":51}},"49":{"start":{"line":152,"column":4},"end":{"line":152,"column":25}},"50":{"start":{"line":154,"column":4},"end":{"line":154,"column":28}},"51":{"start":{"line":155,"column":4},"end":{"line":155,"column":53}},"52":{"start":{"line":159,"column":0},"end":{"line":159,"column":10}}},"fnMap":{"0":{"name":"(anonymous_0)","decl":{"start":{"line":8,"column":16},"end":{"line":8,"column":17}},"loc":{"start":{"line":8,"column":28},"end":{"line":157,"column":1}},"line":8}},"branchMap":{"0":{"loc":{"start":{"line":22,"column":4},"end":{"line":34,"column":5}},"type":"if","locations":[{"start":{"line":22,"column":4},"end":{"line":34,"column":5}},{"start":{"line":25,"column":11},"end":{"line":34,"column":5}}],"line":22},"1":{"loc":{"start":{"line":55,"column":6},"end":{"line":62,"column":7}},"type":"if","locations":[{"start":{"line":55,"column":6},"end":{"line":62,"column":7}},{"start":{"line":58,"column":13},"end":{"line":62,"column":7}}],"line":55},"2":{"loc":{"start":{"line":90,"column":6},"end":{"line":97,"column":7}},"type":"if","locations":[{"start":{"line":90,"column":6},"end":{"line":97,"column":7}},{"start":{"line":93,"column":13},"end":{"line":97,"column":7}}],"line":90},"3":{"loc":{"start":{"line":139,"column":6},"end":{"line":146,"column":7}},"type":"if","locations":[{"start":{"line":139,"column":6},"end":{"line":146,"column":7}},{"start":{"line":141,"column":13},"end":{"line":146,"column":7}}],"line":139}},"s":{"0":0,"1":0,"2":0,"3":0,"4":0,"5":0,"6":0,"7":0,"8":0,"9":0,"10":0,"11":0,"12":0,"13":0,"14":0,"15":0,"16":0,"17":0,"18":0,"19":0,"20":0,"21":0,"22":0,"23":0,"24":0,"25":0,"26":0,"27":0,"28":0,"29":0,"30":0,"31":0,"32":0,"33":0,"34":0,"35":0,"36":0,"37":0,"38":0,"39":0,"40":0,"41":0,"42":0,"43":0,"44":0,"45":0,"46":0,"47":0,"48":0,"49":0,"50":0,"51":0,"52":0},"f":{"0":0},"b":{"0":[0,0],"1":[0,0],"2":[0,0],"3":[0,0]}}
,"D:\\Proyectos\\mediplan\\backend\\src\\config\\database.js": {"path":"D:\\Proyectos\\mediplan\\backend\\src\\config\\database.js","statementMap":{"0":{"start":{"line":4,"column":0},"end":{"line":4,"column":16}},"1":{"start":{"line":6,"column":25},"end":{"line":15,"column":1}},"2":{"start":{"line":17,"column":26},"end":{"line":24,"column":1}},"3":{"start":{"line":18,"column":2},"end":{"line":23,"column":3}},"4":{"start":{"line":19,"column":4},"end":{"line":19,"column":35}},"5":{"start":{"line":20,"column":4},"end":{"line":20,"column":46}},"6":{"start":{"line":22,"column":4},"end":{"line":22,"column":52}}},"fnMap":{"0":{"name":"(anonymous_0)","decl":{"start":{"line":17,"column":26},"end":{"line":17,"column":27}},"loc":{"start":{"line":17,"column":38},"end":{"line":24,"column":1}},"line":17}},"branchMap":{},"s":{"0":11,"1":11,"2":11,"3":0,"4":0,"5":0,"6":0},"f":{"0":0},"b":{},"_coverageSchema":"1a1c01bbd47fc00a2c39e90264f33305004495a9","hash":"b25344430e63921df1159ac3172e6b24173b304a"}
,"D:\\Proyectos\\mediplan\\backend\\src\\controllers\\auth.controller.js": {"path":"D:\\Proyectos\\mediplan\\backend\\src\\controllers\\auth.controller.js","statementMap":{"0":{"start":{"line":5,"column":26},"end":{"line":11,"column":1}},"1":{"start":{"line":6,"column":18},"end":{"line":6,"column":59}},"2":{"start":{"line":7,"column":2},"end":{"line":9,"column":3}},"3":{"start":{"line":8,"column":4},"end":{"line":8,"column":35}},"4":{"start":{"line":10,"column":2},"end":{"line":10,"column":39}},"5":{"start":{"line":13,"column":21},"end":{"line":19,"column":1}},"6":{"start":{"line":14,"column":2},"end":{"line":18,"column":4}},"7":{"start":{"line":22,"column":32},"end":{"line":54,"column":1}},"8":{"start":{"line":23,"column":2},"end":{"line":53,"column":3}},"9":{"start":{"line":24,"column":46},"end":{"line":24,"column":54}},"10":{"start":{"line":27,"column":22},"end":{"line":27,"column":66}},"11":{"start":{"line":28,"column":4},"end":{"line":29,"column":80}},"12":{"start":{"line":29,"column":6},"end":{"line":29,"column":80}},"13":{"start":{"line":32,"column":17},"end":{"line":32,"column":39}},"14":{"start":{"line":33,"column":17},"end":{"line":33,"column":48}},"15":{"start":{"line":35,"column":25},"end":{"line":40,"column":6}},"16":{"start":{"line":42,"column":4},"end":{"line":50,"column":7}},"17":{"start":{"line":52,"column":4},"end":{"line":52,"column":41}},"18":{"start":{"line":57,"column":28},"end":{"line":84,"column":1}},"19":{"start":{"line":58,"column":2},"end":{"line":83,"column":3}},"20":{"start":{"line":59,"column":33},"end":{"line":59,"column":41}},"21":{"start":{"line":61,"column":20},"end":{"line":61,"column":64}},"22":{"start":{"line":62,"column":4},"end":{"line":63,"column":73}},"23":{"start":{"line":63,"column":6},"end":{"line":63,"column":73}},"24":{"start":{"line":65,"column":19},"end":{"line":65,"column":65}},"25":{"start":{"line":66,"column":4},"end":{"line":67,"column":73}},"26":{"start":{"line":67,"column":6},"end":{"line":67,"column":73}},"27":{"start":{"line":69,"column":18},"end":{"line":69,"column":39}},"28":{"start":{"line":71,"column":4},"end":{"line":80,"column":7}},"29":{"start":{"line":82,"column":4},"end":{"line":82,"column":41}}},"fnMap":{"0":{"name":"(anonymous_0)","decl":{"start":{"line":5,"column":26},"end":{"line":5,"column":27}},"loc":{"start":{"line":5,"column":42},"end":{"line":11,"column":1}},"line":5},"1":{"name":"(anonymous_1)","decl":{"start":{"line":13,"column":21},"end":{"line":13,"column":22}},"loc":{"start":{"line":13,"column":34},"end":{"line":19,"column":1}},"line":13},"2":{"name":"(anonymous_2)","decl":{"start":{"line":22,"column":32},"end":{"line":22,"column":33}},"loc":{"start":{"line":22,"column":52},"end":{"line":54,"column":1}},"line":22},"3":{"name":"(anonymous_3)","decl":{"start":{"line":57,"column":28},"end":{"line":57,"column":29}},"loc":{"start":{"line":57,"column":48},"end":{"line":84,"column":1}},"line":57}},"branchMap":{"0":{"loc":{"start":{"line":7,"column":2},"end":{"line":9,"column":3}},"type":"if","locations":[{"start":{"line":7,"column":2},"end":{"line":9,"column":3}},{"start":{},"end":{}}],"line":7},"1":{"loc":{"start":{"line":28,"column":4},"end":{"line":29,"column":80}},"type":"if","locations":[{"start":{"line":28,"column":4},"end":{"line":29,"column":80}},{"start":{},"end":{}}],"line":28},"2":{"loc":{"start":{"line":62,"column":4},"end":{"line":63,"column":73}},"type":"if","locations":[{"start":{"line":62,"column":4},"end":{"line":63,"column":73}},{"start":{},"end":{}}],"line":62},"3":{"loc":{"start":{"line":66,"column":4},"end":{"line":67,"column":73}},"type":"if","locations":[{"start":{"line":66,"column":4},"end":{"line":67,"column":73}},{"start":{},"end":{}}],"line":66}},"s":{"0":3,"1":2,"2":2,"3":0,"4":2,"5":3,"6":1,"7":3,"8":4,"9":4,"10":4,"11":4,"12":2,"13":2,"14":2,"15":2,"16":1,"17":1,"18":3,"19":6,"20":6,"21":6,"22":5,"23":2,"24":3,"25":3,"26":2,"27":1,"28":1,"29":1},"f":{"0":2,"1":1,"2":4,"3":6},"b":{"0":[0,2],"1":[2,2],"2":[2,3],"3":[2,1]},"_coverageSchema":"1a1c01bbd47fc00a2c39e90264f33305004495a9","hash":"a03d63be347a0bc88cbaaf397256d48507d02c7e"}
,"D:\\Proyectos\\mediplan\\backend\\src\\controllers\\cita.controller.js": {"path":"D:\\Proyectos\\mediplan\\backend\\src\\controllers\\cita.controller.js","statementMap":{"0":{"start":{"line":6,"column":24},"end":{"line":6,"column":64}},"1":{"start":{"line":7,"column":26},"end":{"line":13,"column":1}},"2":{"start":{"line":8,"column":18},"end":{"line":8,"column":59}},"3":{"start":{"line":9,"column":2},"end":{"line":11,"column":3}},"4":{"start":{"line":10,"column":4},"end":{"line":10,"column":35}},"5":{"start":{"line":12,"column":2},"end":{"line":12,"column":39}},"6":{"start":{"line":16,"column":28},"end":{"line":28,"column":1}},"7":{"start":{"line":17,"column":2},"end":{"line":27,"column":3}},"8":{"start":{"line":18,"column":18},"end":{"line":23,"column":6}},"9":{"start":{"line":24,"column":4},"end":{"line":24,"column":20}},"10":{"start":{"line":26,"column":4},"end":{"line":26,"column":41}},"11":{"start":{"line":31,"column":25},"end":{"line":104,"column":1}},"12":{"start":{"line":32,"column":2},"end":{"line":103,"column":3}},"13":{"start":{"line":33,"column":54},"end":{"line":33,"column":62}},"14":{"start":{"line":36,"column":4},"end":{"line":40,"column":5}},"15":{"start":{"line":37,"column":6},"end":{"line":39,"column":9}},"16":{"start":{"line":42,"column":22},"end":{"line":42,"column":37}},"17":{"start":{"line":43,"column":4},"end":{"line":45,"column":5}},"18":{"start":{"line":44,"column":6},"end":{"line":44,"column":84}},"19":{"start":{"line":47,"column":4},"end":{"line":49,"column":5}},"20":{"start":{"line":48,"column":6},"end":{"line":48,"column":96}},"21":{"start":{"line":51,"column":4},"end":{"line":53,"column":5}},"22":{"start":{"line":52,"column":6},"end":{"line":52,"column":85}},"23":{"start":{"line":55,"column":19},"end":{"line":55,"column":51}},"24":{"start":{"line":56,"column":4},"end":{"line":58,"column":5}},"25":{"start":{"line":57,"column":6},"end":{"line":57,"column":84}},"26":{"start":{"line":60,"column":21},"end":{"line":60,"column":57}},"27":{"start":{"line":61,"column":4},"end":{"line":63,"column":5}},"28":{"start":{"line":62,"column":6},"end":{"line":62,"column":86}},"29":{"start":{"line":65,"column":25},"end":{"line":71,"column":6}},"30":{"start":{"line":73,"column":4},"end":{"line":77,"column":5}},"31":{"start":{"line":74,"column":6},"end":{"line":76,"column":9}},"32":{"start":{"line":79,"column":27},"end":{"line":85,"column":6}},"33":{"start":{"line":87,"column":4},"end":{"line":91,"column":5}},"34":{"start":{"line":88,"column":6},"end":{"line":90,"column":9}},"35":{"start":{"line":93,"column":22},"end":{"line":98,"column":6}},"36":{"start":{"line":100,"column":4},"end":{"line":100,"column":36}},"37":{"start":{"line":102,"column":4},"end":{"line":102,"column":41}},"38":{"start":{"line":107,"column":30},"end":{"line":194,"column":1}},"39":{"start":{"line":108,"column":2},"end":{"line":193,"column":3}},"40":{"start":{"line":109,"column":19},"end":{"line":109,"column":29}},"41":{"start":{"line":110,"column":54},"end":{"line":110,"column":62}},"42":{"start":{"line":112,"column":23},"end":{"line":112,"column":46}},"43":{"start":{"line":113,"column":4},"end":{"line":115,"column":5}},"44":{"start":{"line":114,"column":6},"end":{"line":114,"column":70}},"45":{"start":{"line":117,"column":4},"end":{"line":121,"column":5}},"46":{"start":{"line":118,"column":6},"end":{"line":120,"column":9}},"47":{"start":{"line":123,"column":21},"end":{"line":123,"column":37}},"48":{"start":{"line":124,"column":4},"end":{"line":133,"column":5}},"49":{"start":{"line":125,"column":25},"end":{"line":125,"column":40}},"50":{"start":{"line":126,"column":6},"end":{"line":128,"column":7}},"51":{"start":{"line":127,"column":8},"end":{"line":127,"column":86}},"52":{"start":{"line":129,"column":6},"end":{"line":131,"column":7}},"53":{"start":{"line":130,"column":8},"end":{"line":130,"column":98}},"54":{"start":{"line":132,"column":6},"end":{"line":132,"column":30}},"55":{"start":{"line":135,"column":4},"end":{"line":137,"column":5}},"56":{"start":{"line":136,"column":6},"end":{"line":136,"column":85}},"57":{"start":{"line":139,"column":24},"end":{"line":139,"column":57}},"58":{"start":{"line":140,"column":26},"end":{"line":140,"column":63}},"59":{"start":{"line":141,"column":24},"end":{"line":141,"column":51}},"60":{"start":{"line":143,"column":4},"end":{"line":148,"column":5}},"61":{"start":{"line":144,"column":21},"end":{"line":144,"column":55}},"62":{"start":{"line":145,"column":6},"end":{"line":147,"column":7}},"63":{"start":{"line":146,"column":8},"end":{"line":146,"column":86}},"64":{"start":{"line":150,"column":4},"end":{"line":155,"column":5}},"65":{"start":{"line":151,"column":23},"end":{"line":151,"column":61}},"66":{"start":{"line":152,"column":6},"end":{"line":154,"column":7}},"67":{"start":{"line":153,"column":8},"end":{"line":153,"column":88}},"68":{"start":{"line":157,"column":4},"end":{"line":187,"column":5}},"69":{"start":{"line":158,"column":27},"end":{"line":165,"column":8}},"70":{"start":{"line":167,"column":6},"end":{"line":171,"column":7}},"71":{"start":{"line":168,"column":8},"end":{"line":170,"column":11}},"72":{"start":{"line":173,"column":29},"end":{"line":180,"column":8}},"73":{"start":{"line":182,"column":6},"end":{"line":186,"column":7}},"74":{"start":{"line":183,"column":8},"end":{"line":185,"column":11}},"75":{"start":{"line":189,"column":4},"end":{"line":189,"column":51}},"76":{"start":{"line":190,"column":4},"end":{"line":190,"column":60}},"77":{"start":{"line":192,"column":4},"end":{"line":192,"column":41}},"78":{"start":{"line":197,"column":28},"end":{"line":205,"column":1}},"79":{"start":{"line":198,"column":2},"end":{"line":204,"column":3}},"80":{"start":{"line":199,"column":19},"end":{"line":199,"column":29}},"81":{"start":{"line":200,"column":4},"end":{"line":200,"column":42}},"82":{"start":{"line":201,"column":4},"end":{"line":201,"column":58}},"83":{"start":{"line":203,"column":4},"end":{"line":203,"column":41}}},"fnMap":{"0":{"name":"(anonymous_0)","decl":{"start":{"line":7,"column":26},"end":{"line":7,"column":27}},"loc":{"start":{"line":7,"column":42},"end":{"line":13,"column":1}},"line":7},"1":{"name":"(anonymous_1)","decl":{"start":{"line":16,"column":28},"end":{"line":16,"column":29}},"loc":{"start":{"line":16,"column":48},"end":{"line":28,"column":1}},"line":16},"2":{"name":"(anonymous_2)","decl":{"start":{"line":31,"column":25},"end":{"line":31,"column":26}},"loc":{"start":{"line":31,"column":45},"end":{"line":104,"column":1}},"line":31},"3":{"name":"(anonymous_3)","decl":{"start":{"line":107,"column":30},"end":{"line":107,"column":31}},"loc":{"start":{"line":107,"column":50},"end":{"line":194,"column":1}},"line":107},"4":{"name":"(anonymous_4)","decl":{"start":{"line":197,"column":28},"end":{"line":197,"column":29}},"loc":{"start":{"line":197,"column":48},"end":{"line":205,"column":1}},"line":197}},"branchMap":{"0":{"loc":{"start":{"line":9,"column":2},"end":{"line":11,"column":3}},"type":"if","locations":[{"start":{"line":9,"column":2},"end":{"line":11,"column":3}},{"start":{},"end":{}}],"line":9},"1":{"loc":{"start":{"line":36,"column":4},"end":{"line":40,"column":5}},"type":"if","locations":[{"start":{"line":36,"column":4},"end":{"line":40,"column":5}},{"start":{},"end":{}}],"line":36},"2":{"loc":{"start":{"line":36,"column":8},"end":{"line":36,"column":44}},"type":"binary-expr","locations":[{"start":{"line":36,"column":8},"end":{"line":36,"column":14}},{"start":{"line":36,"column":18},"end":{"line":36,"column":28}},{"start":{"line":36,"column":32},"end":{"line":36,"column":44}}],"line":36},"3":{"loc":{"start":{"line":43,"column":4},"end":{"line":45,"column":5}},"type":"if","locations":[{"start":{"line":43,"column":4},"end":{"line":45,"column":5}},{"start":{},"end":{}}],"line":43},"4":{"loc":{"start":{"line":47,"column":4},"end":{"line":49,"column":5}},"type":"if","locations":[{"start":{"line":47,"column":4},"end":{"line":49,"column":5}},{"start":{},"end":{}}],"line":47},"5":{"loc":{"start":{"line":51,"column":4},"end":{"line":53,"column":5}},"type":"if","locations":[{"start":{"line":51,"column":4},"end":{"line":53,"column":5}},{"start":{},"end":{}}],"line":51},"6":{"loc":{"start":{"line":51,"column":8},"end":{"line":51,"column":51}},"type":"binary-expr","locations":[{"start":{"line":51,"column":8},"end":{"line":51,"column":14}},{"start":{"line":51,"column":18},"end":{"line":51,"column":51}}],"line":51},"7":{"loc":{"start":{"line":56,"column":4},"end":{"line":58,"column":5}},"type":"if","locations":[{"start":{"line":56,"column":4},"end":{"line":58,"column":5}},{"start":{},"end":{}}],"line":56},"8":{"loc":{"start":{"line":61,"column":4},"end":{"line":63,"column":5}},"type":"if","locations":[{"start":{"line":61,"column":4},"end":{"line":63,"column":5}},{"start":{},"end":{}}],"line":61},"9":{"loc":{"start":{"line":73,"column":4},"end":{"line":77,"column":5}},"type":"if","locations":[{"start":{"line":73,"column":4},"end":{"line":77,"column":5}},{"start":{},"end":{}}],"line":73},"10":{"loc":{"start":{"line":87,"column":4},"end":{"line":91,"column":5}},"type":"if","locations":[{"start":{"line":87,"column":4},"end":{"line":91,"column":5}},{"start":{},"end":{}}],"line":87},"11":{"loc":{"start":{"line":113,"column":4},"end":{"line":115,"column":5}},"type":"if","locations":[{"start":{"line":113,"column":4},"end":{"line":115,"column":5}},{"start":{},"end":{}}],"line":113},"12":{"loc":{"start":{"line":117,"column":4},"end":{"line":121,"column":5}},"type":"if","locations":[{"start":{"line":117,"column":4},"end":{"line":121,"column":5}},{"start":{},"end":{}}],"line":117},"13":{"loc":{"start":{"line":117,"column":8},"end":{"line":117,"column":77}},"type":"binary-expr","locations":[{"start":{"line":117,"column":8},"end":{"line":117,"column":41}},{"start":{"line":117,"column":45},"end":{"line":117,"column":51}},{"start":{"line":117,"column":55},"end":{"line":117,"column":77}}],"line":117},"14":{"loc":{"start":{"line":124,"column":4},"end":{"line":133,"column":5}},"type":"if","locations":[{"start":{"line":124,"column":4},"end":{"line":133,"column":5}},{"start":{},"end":{}}],"line":124},"15":{"loc":{"start":{"line":126,"column":6},"end":{"line":128,"column":7}},"type":"if","locations":[{"start":{"line":126,"column":6},"end":{"line":128,"column":7}},{"start":{},"end":{}}],"line":126},"16":{"loc":{"start":{"line":129,"column":6},"end":{"line":131,"column":7}},"type":"if","locations":[{"start":{"line":129,"column":6},"end":{"line":131,"column":7}},{"start":{},"end":{}}],"line":129},"17":{"loc":{"start":{"line":135,"column":4},"end":{"line":137,"column":5}},"type":"if","locations":[{"start":{"line":135,"column":4},"end":{"line":137,"column":5}},{"start":{},"end":{}}],"line":135},"18":{"loc":{"start":{"line":135,"column":8},"end":{"line":135,"column":65}},"type":"binary-expr","locations":[{"start":{"line":135,"column":8},"end":{"line":135,"column":28}},{"start":{"line":135,"column":32},"end":{"line":135,"column":65}}],"line":135},"19":{"loc":{"start":{"line":139,"column":24},"end":{"line":139,"column":57}},"type":"binary-expr","locations":[{"start":{"line":139,"column":24},"end":{"line":139,"column":33}},{"start":{"line":139,"column":37},"end":{"line":139,"column":57}}],"line":139},"20":{"loc":{"start":{"line":140,"column":26},"end":{"line":140,"column":63}},"type":"binary-expr","locations":[{"start":{"line":140,"column":26},"end":{"line":140,"column":37}},{"start":{"line":140,"column":41},"end":{"line":140,"column":63}}],"line":140},"21":{"loc":{"start":{"line":141,"column":24},"end":{"line":141,"column":51}},"type":"binary-expr","locations":[{"start":{"line":141,"column":24},"end":{"line":141,"column":30}},{"start":{"line":141,"column":34},"end":{"line":141,"column":51}}],"line":141},"22":{"loc":{"start":{"line":143,"column":4},"end":{"line":148,"column":5}},"type":"if","locations":[{"start":{"line":143,"column":4},"end":{"line":148,"column":5}},{"start":{},"end":{}}],"line":143},"23":{"loc":{"start":{"line":145,"column":6},"end":{"line":147,"column":7}},"type":"if","locations":[{"start":{"line":145,"column":6},"end":{"line":147,"column":7}},{"start":{},"end":{}}],"line":145},"24":{"loc":{"start":{"line":150,"column":4},"end":{"line":155,"column":5}},"type":"if","locations":[{"start":{"line":150,"column":4},"end":{"line":155,"column":5}},{"start":{},"end":{}}],"line":150},"25":{"loc":{"start":{"line":152,"column":6},"end":{"line":154,"column":7}},"type":"if","locations":[{"start":{"line":152,"column":6},"end":{"line":154,"column":7}},{"start":{},"end":{}}],"line":152},"26":{"loc":{"start":{"line":157,"column":4},"end":{"line":187,"column":5}},"type":"if","locations":[{"start":{"line":157,"column":4},"end":{"line":187,"column":5}},{"start":{},"end":{}}],"line":157},"27":{"loc":{"start":{"line":167,"column":6},"end":{"line":171,"column":7}},"type":"if","locations":[{"start":{"line":167,"column":6},"end":{"line":171,"column":7}},{"start":{},"end":{}}],"line":167},"28":{"loc":{"start":{"line":182,"column":6},"end":{"line":186,"column":7}},"type":"if","locations":[{"start":{"line":182,"column":6},"end":{"line":186,"column":7}},{"start":{},"end":{}}],"line":182}},"s":{"0":4,"1":4,"2":4,"3":4,"4":0,"5":4,"6":4,"7":3,"8":3,"9":1,"10":2,"11":4,"12":4,"13":4,"14":4,"15":0,"16":4,"17":4,"18":0,"19":4,"20":1,"21":3,"22":0,"23":3,"24":3,"25":1,"26":2,"27":2,"28":0,"29":2,"30":2,"31":1,"32":1,"33":1,"34":0,"35":1,"36":1,"37":0,"38":4,"39":3,"40":3,"41":3,"42":3,"43":3,"44":0,"45":3,"46":1,"47":2,"48":2,"49":0,"50":0,"51":0,"52":0,"53":0,"54":0,"55":2,"56":0,"57":2,"58":2,"59":2,"60":2,"61":0,"62":0,"63":0,"64":2,"65":0,"66":0,"67":0,"68":2,"69":2,"70":2,"71":0,"72":2,"73":2,"74":0,"75":2,"76":1,"77":1,"78":4,"79":2,"80":2,"81":2,"82":1,"83":1},"f":{"0":4,"1":3,"2":4,"3":3,"4":2},"b":{"0":[0,4],"1":[0,4],"2":[4,4,4],"3":[0,4],"4":[1,3],"5":[0,3],"6":[3,3],"7":[1,2],"8":[0,2],"9":[1,1],"10":[0,1],"11":[0,3],"12":[1,2],"13":[3,1,1],"14":[0,2],"15":[0,0],"16":[0,0],"17":[0,2],"18":[2,2],"19":[2,2],"20":[2,2],"21":[2,0],"22":[0,2],"23":[0,0],"24":[0,2],"25":[0,0],"26":[2,0],"27":[0,2],"28":[0,2]},"_coverageSchema":"1a1c01bbd47fc00a2c39e90264f33305004495a9","hash":"d0124d7ca1fd2ed567463fd229284e7d52359d25"}
,"D:\\Proyectos\\mediplan\\backend\\src\\controllers\\doctor.controller.js": {"path":"D:\\Proyectos\\mediplan\\backend\\src\\controllers\\doctor.controller.js","statementMap":{"0":{"start":{"line":3,"column":19},"end":{"line":3,"column":47}},"1":{"start":{"line":4,"column":19},"end":{"line":4,"column":31}},"2":{"start":{"line":5,"column":26},"end":{"line":11,"column":1}},"3":{"start":{"line":6,"column":18},"end":{"line":6,"column":59}},"4":{"start":{"line":7,"column":2},"end":{"line":9,"column":3}},"5":{"start":{"line":8,"column":4},"end":{"line":8,"column":35}},"6":{"start":{"line":10,"column":2},"end":{"line":10,"column":39}},"7":{"start":{"line":13,"column":31},"end":{"line":20,"column":1}},"8":{"start":{"line":14,"column":2},"end":{"line":19,"column":3}},"9":{"start":{"line":15,"column":21},"end":{"line":15,"column":43}},"10":{"start":{"line":16,"column":4},"end":{"line":16,"column":23}},"11":{"start":{"line":18,"column":4},"end":{"line":18,"column":41}},"12":{"start":{"line":22,"column":27},"end":{"line":61,"column":1}},"13":{"start":{"line":23,"column":2},"end":{"line":60,"column":3}},"14":{"start":{"line":24,"column":55},"end":{"line":24,"column":63}},"15":{"start":{"line":27,"column":4},"end":{"line":29,"column":5}},"16":{"start":{"line":28,"column":6},"end":{"line":28,"column":105}},"17":{"start":{"line":31,"column":4},"end":{"line":33,"column":5}},"18":{"start":{"line":32,"column":6},"end":{"line":32,"column":117}},"19":{"start":{"line":35,"column":4},"end":{"line":37,"column":5}},"20":{"start":{"line":36,"column":6},"end":{"line":36,"column":99}},"21":{"start":{"line":39,"column":4},"end":{"line":41,"column":5}},"22":{"start":{"line":40,"column":6},"end":{"line":40,"column":109}},"23":{"start":{"line":43,"column":4},"end":{"line":48,"column":5}},"24":{"start":{"line":44,"column":30},"end":{"line":44,"column":73}},"25":{"start":{"line":45,"column":6},"end":{"line":47,"column":7}},"26":{"start":{"line":46,"column":8},"end":{"line":46,"column":108}},"27":{"start":{"line":50,"column":19},"end":{"line":55,"column":6}},"28":{"start":{"line":57,"column":4},"end":{"line":57,"column":33}},"29":{"start":{"line":59,"column":4},"end":{"line":59,"column":41}},"30":{"start":{"line":63,"column":30},"end":{"line":76,"column":1}},"31":{"start":{"line":64,"column":2},"end":{"line":75,"column":3}},"32":{"start":{"line":65,"column":19},"end":{"line":65,"column":29}},"33":{"start":{"line":66,"column":23},"end":{"line":66,"column":62}},"34":{"start":{"line":68,"column":4},"end":{"line":70,"column":5}},"35":{"start":{"line":69,"column":6},"end":{"line":69,"column":72}},"36":{"start":{"line":72,"column":4},"end":{"line":72,"column":53}},"37":{"start":{"line":74,"column":4},"end":{"line":74,"column":41}}},"fnMap":{"0":{"name":"(anonymous_0)","decl":{"start":{"line":5,"column":26},"end":{"line":5,"column":27}},"loc":{"start":{"line":5,"column":42},"end":{"line":11,"column":1}},"line":5},"1":{"name":"(anonymous_1)","decl":{"start":{"line":13,"column":31},"end":{"line":13,"column":32}},"loc":{"start":{"line":13,"column":51},"end":{"line":20,"column":1}},"line":13},"2":{"name":"(anonymous_2)","decl":{"start":{"line":22,"column":27},"end":{"line":22,"column":28}},"loc":{"start":{"line":22,"column":47},"end":{"line":61,"column":1}},"line":22},"3":{"name":"(anonymous_3)","decl":{"start":{"line":63,"column":30},"end":{"line":63,"column":31}},"loc":{"start":{"line":63,"column":50},"end":{"line":76,"column":1}},"line":63}},"branchMap":{"0":{"loc":{"start":{"line":7,"column":2},"end":{"line":9,"column":3}},"type":"if","locations":[{"start":{"line":7,"column":2},"end":{"line":9,"column":3}},{"start":{},"end":{}}],"line":7},"1":{"loc":{"start":{"line":27,"column":4},"end":{"line":29,"column":5}},"type":"if","locations":[{"start":{"line":27,"column":4},"end":{"line":29,"column":5}},{"start":{},"end":{}}],"line":27},"2":{"loc":{"start":{"line":27,"column":8},"end":{"line":27,"column":73}},"type":"binary-expr","locations":[{"start":{"line":27,"column":8},"end":{"line":27,"column":15}},{"start":{"line":27,"column":19},"end":{"line":27,"column":45}},{"start":{"line":27,"column":49},"end":{"line":27,"column":73}}],"line":27},"3":{"loc":{"start":{"line":31,"column":4},"end":{"line":33,"column":5}},"type":"if","locations":[{"start":{"line":31,"column":4},"end":{"line":33,"column":5}},{"start":{},"end":{}}],"line":31},"4":{"loc":{"start":{"line":31,"column":8},"end":{"line":31,"column":91}},"type":"binary-expr","locations":[{"start":{"line":31,"column":8},"end":{"line":31,"column":21}},{"start":{"line":31,"column":25},"end":{"line":31,"column":57}},{"start":{"line":31,"column":61},"end":{"line":31,"column":91}}],"line":31},"5":{"loc":{"start":{"line":35,"column":4},"end":{"line":37,"column":5}},"type":"if","locations":[{"start":{"line":35,"column":4},"end":{"line":37,"column":5}},{"start":{},"end":{}}],"line":35},"6":{"loc":{"start":{"line":35,"column":8},"end":{"line":35,"column":42}},"type":"binary-expr","locations":[{"start":{"line":35,"column":8},"end":{"line":35,"column":14}},{"start":{"line":35,"column":18},"end":{"line":35,"column":42}}],"line":35},"7":{"loc":{"start":{"line":39,"column":4},"end":{"line":41,"column":5}},"type":"if","locations":[{"start":{"line":39,"column":4},"end":{"line":41,"column":5}},{"start":{},"end":{}}],"line":39},"8":{"loc":{"start":{"line":39,"column":8},"end":{"line":39,"column":46}},"type":"binary-expr","locations":[{"start":{"line":39,"column":8},"end":{"line":39,"column":16}},{"start":{"line":39,"column":20},"end":{"line":39,"column":46}}],"line":39},"9":{"loc":{"start":{"line":43,"column":4},"end":{"line":48,"column":5}},"type":"if","locations":[{"start":{"line":43,"column":4},"end":{"line":48,"column":5}},{"start":{},"end":{}}],"line":43},"10":{"loc":{"start":{"line":45,"column":6},"end":{"line":47,"column":7}},"type":"if","locations":[{"start":{"line":45,"column":6},"end":{"line":47,"column":7}},{"start":{},"end":{}}],"line":45},"11":{"loc":{"start":{"line":53,"column":16},"end":{"line":53,"column":32}},"type":"binary-expr","locations":[{"start":{"line":53,"column":16},"end":{"line":53,"column":24}},{"start":{"line":53,"column":28},"end":{"line":53,"column":32}}],"line":53},"12":{"loc":{"start":{"line":54,"column":14},"end":{"line":54,"column":28}},"type":"binary-expr","locations":[{"start":{"line":54,"column":14},"end":{"line":54,"column":20}},{"start":{"line":54,"column":24},"end":{"line":54,"column":28}}],"line":54},"13":{"loc":{"start":{"line":68,"column":4},"end":{"line":70,"column":5}},"type":"if","locations":[{"start":{"line":68,"column":4},"end":{"line":70,"column":5}},{"start":{},"end":{}}],"line":68}},"s":{"0":4,"1":4,"2":4,"3":1,"4":1,"5":0,"6":1,"7":4,"8":2,"9":2,"10":2,"11":0,"12":4,"13":6,"14":6,"15":6,"16":1,"17":5,"18":0,"19":5,"20":1,"21":4,"22":1,"23":3,"24":3,"25":3,"26":1,"27":2,"28":1,"29":1,"30":4,"31":0,"32":0,"33":0,"34":0,"35":0,"36":0,"37":0},"f":{"0":1,"1":2,"2":6,"3":0},"b":{"0":[0,1],"1":[1,5],"2":[6,6,6],"3":[0,5],"4":[5,5,5],"5":[1,4],"6":[5,5],"7":[1,3],"8":[4,3],"9":[3,0],"10":[1,2],"11":[2,0],"12":[2,0],"13":[0,0]},"_coverageSchema":"1a1c01bbd47fc00a2c39e90264f33305004495a9","hash":"21242dddba36b2a7ad040126a72362174770075a"}
,"D:\\Proyectos\\mediplan\\backend\\src\\controllers\\paciente.controller.js": {"path":"D:\\Proyectos\\mediplan\\backend\\src\\controllers\\paciente.controller.js","statementMap":{"0":{"start":{"line":5,"column":19},"end":{"line":5,"column":47}},"1":{"start":{"line":6,"column":19},"end":{"line":6,"column":31}},"2":{"start":{"line":7,"column":23},"end":{"line":7,"column":35}},"3":{"start":{"line":8,"column":26},"end":{"line":14,"column":1}},"4":{"start":{"line":9,"column":18},"end":{"line":9,"column":59}},"5":{"start":{"line":10,"column":2},"end":{"line":12,"column":3}},"6":{"start":{"line":11,"column":4},"end":{"line":11,"column":35}},"7":{"start":{"line":13,"column":2},"end":{"line":13,"column":39}},"8":{"start":{"line":17,"column":32},"end":{"line":24,"column":1}},"9":{"start":{"line":18,"column":2},"end":{"line":23,"column":3}},"10":{"start":{"line":19,"column":22},"end":{"line":19,"column":46}},"11":{"start":{"line":20,"column":4},"end":{"line":20,"column":24}},"12":{"start":{"line":22,"column":4},"end":{"line":22,"column":41}},"13":{"start":{"line":27,"column":29},"end":{"line":72,"column":1}},"14":{"start":{"line":28,"column":2},"end":{"line":71,"column":3}},"15":{"start":{"line":29,"column":52},"end":{"line":29,"column":60}},"16":{"start":{"line":32,"column":4},"end":{"line":34,"column":5}},"17":{"start":{"line":33,"column":6},"end":{"line":33,"column":107}},"18":{"start":{"line":36,"column":4},"end":{"line":38,"column":5}},"19":{"start":{"line":37,"column":6},"end":{"line":37,"column":113}},"20":{"start":{"line":40,"column":4},"end":{"line":42,"column":5}},"21":{"start":{"line":41,"column":6},"end":{"line":41,"column":101}},"22":{"start":{"line":44,"column":4},"end":{"line":46,"column":5}},"23":{"start":{"line":45,"column":6},"end":{"line":45,"column":111}},"24":{"start":{"line":49,"column":19},"end":{"line":49,"column":67}},"25":{"start":{"line":50,"column":4},"end":{"line":53,"column":9}},"26":{"start":{"line":51,"column":6},"end":{"line":53,"column":9}},"27":{"start":{"line":55,"column":25},"end":{"line":55,"column":70}},"28":{"start":{"line":56,"column":4},"end":{"line":59,"column":9}},"29":{"start":{"line":57,"column":6},"end":{"line":59,"column":9}},"30":{"start":{"line":61,"column":21},"end":{"line":66,"column":6}},"31":{"start":{"line":67,"column":4},"end":{"line":67,"column":35}},"32":{"start":{"line":70,"column":4},"end":{"line":70,"column":41}},"33":{"start":{"line":75,"column":34},"end":{"line":130,"column":1}},"34":{"start":{"line":76,"column":2},"end":{"line":129,"column":3}},"35":{"start":{"line":77,"column":19},"end":{"line":77,"column":29}},"36":{"start":{"line":78,"column":52},"end":{"line":78,"column":60}},"37":{"start":{"line":80,"column":27},"end":{"line":80,"column":54}},"38":{"start":{"line":81,"column":4},"end":{"line":83,"column":5}},"39":{"start":{"line":82,"column":6},"end":{"line":82,"column":74}},"40":{"start":{"line":85,"column":4},"end":{"line":87,"column":5}},"41":{"start":{"line":86,"column":6},"end":{"line":86,"column":107}},"42":{"start":{"line":89,"column":4},"end":{"line":103,"column":5}},"43":{"start":{"line":90,"column":6},"end":{"line":92,"column":7}},"44":{"start":{"line":91,"column":8},"end":{"line":91,"column":98}},"45":{"start":{"line":94,"column":30},"end":{"line":96,"column":8}},"46":{"start":{"line":98,"column":6},"end":{"line":102,"column":7}},"47":{"start":{"line":99,"column":8},"end":{"line":101,"column":11}},"48":{"start":{"line":105,"column":4},"end":{"line":119,"column":5}},"49":{"start":{"line":106,"column":6},"end":{"line":108,"column":7}},"50":{"start":{"line":107,"column":8},"end":{"line":107,"column":103}},"51":{"start":{"line":110,"column":27},"end":{"line":112,"column":8}},"52":{"start":{"line":114,"column":6},"end":{"line":118,"column":7}},"53":{"start":{"line":115,"column":8},"end":{"line":117,"column":11}},"54":{"start":{"line":121,"column":4},"end":{"line":123,"column":5}},"55":{"start":{"line":122,"column":6},"end":{"line":122,"column":111}},"56":{"start":{"line":125,"column":4},"end":{"line":125,"column":55}},"57":{"start":{"line":126,"column":4},"end":{"line":126,"column":50}},"58":{"start":{"line":128,"column":4},"end":{"line":128,"column":41}},"59":{"start":{"line":133,"column":32},"end":{"line":160,"column":1}},"60":{"start":{"line":134,"column":2},"end":{"line":159,"column":3}},"61":{"start":{"line":135,"column":19},"end":{"line":135,"column":29}},"62":{"start":{"line":138,"column":25},"end":{"line":143,"column":6}},"63":{"start":{"line":145,"column":4},"end":{"line":149,"column":5}},"64":{"start":{"line":146,"column":6},"end":{"line":148,"column":9}},"65":{"start":{"line":151,"column":23},"end":{"line":151,"column":64}},"66":{"start":{"line":152,"column":4},"end":{"line":154,"column":5}},"67":{"start":{"line":153,"column":6},"end":{"line":153,"column":74}},"68":{"start":{"line":156,"column":4},"end":{"line":156,"column":48}},"69":{"start":{"line":158,"column":4},"end":{"line":158,"column":41}}},"fnMap":{"0":{"name":"(anonymous_0)","decl":{"start":{"line":8,"column":26},"end":{"line":8,"column":27}},"loc":{"start":{"line":8,"column":42},"end":{"line":14,"column":1}},"line":8},"1":{"name":"(anonymous_1)","decl":{"start":{"line":17,"column":32},"end":{"line":17,"column":33}},"loc":{"start":{"line":17,"column":52},"end":{"line":24,"column":1}},"line":17},"2":{"name":"(anonymous_2)","decl":{"start":{"line":27,"column":29},"end":{"line":27,"column":30}},"loc":{"start":{"line":27,"column":49},"end":{"line":72,"column":1}},"line":27},"3":{"name":"(anonymous_3)","decl":{"start":{"line":75,"column":34},"end":{"line":75,"column":35}},"loc":{"start":{"line":75,"column":54},"end":{"line":130,"column":1}},"line":75},"4":{"name":"(anonymous_4)","decl":{"start":{"line":133,"column":32},"end":{"line":133,"column":33}},"loc":{"start":{"line":133,"column":52},"end":{"line":160,"column":1}},"line":133}},"branchMap":{"0":{"loc":{"start":{"line":10,"column":2},"end":{"line":12,"column":3}},"type":"if","locations":[{"start":{"line":10,"column":2},"end":{"line":12,"column":3}},{"start":{},"end":{}}],"line":10},"1":{"loc":{"start":{"line":32,"column":4},"end":{"line":34,"column":5}},"type":"if","locations":[{"start":{"line":32,"column":4},"end":{"line":34,"column":5}},{"start":{},"end":{}}],"line":32},"2":{"loc":{"start":{"line":32,"column":8},"end":{"line":32,"column":73}},"type":"binary-expr","locations":[{"start":{"line":32,"column":8},"end":{"line":32,"column":15}},{"start":{"line":32,"column":19},"end":{"line":32,"column":45}},{"start":{"line":32,"column":49},"end":{"line":32,"column":73}}],"line":32},"3":{"loc":{"start":{"line":36,"column":4},"end":{"line":38,"column":5}},"type":"if","locations":[{"start":{"line":36,"column":4},"end":{"line":38,"column":5}},{"start":{},"end":{}}],"line":36},"4":{"loc":{"start":{"line":36,"column":8},"end":{"line":36,"column":53}},"type":"binary-expr","locations":[{"start":{"line":36,"column":8},"end":{"line":36,"column":18}},{"start":{"line":36,"column":22},"end":{"line":36,"column":53}}],"line":36},"5":{"loc":{"start":{"line":40,"column":4},"end":{"line":42,"column":5}},"type":"if","locations":[{"start":{"line":40,"column":4},"end":{"line":42,"column":5}},{"start":{},"end":{}}],"line":40},"6":{"loc":{"start":{"line":40,"column":8},"end":{"line":40,"column":42}},"type":"binary-expr","locations":[{"start":{"line":40,"column":8},"end":{"line":40,"column":14}},{"start":{"line":40,"column":18},"end":{"line":40,"column":42}}],"line":40},"7":{"loc":{"start":{"line":44,"column":4},"end":{"line":46,"column":5}},"type":"if","locations":[{"start":{"line":44,"column":4},"end":{"line":46,"column":5}},{"start":{},"end":{}}],"line":44},"8":{"loc":{"start":{"line":44,"column":8},"end":{"line":44,"column":46}},"type":"binary-expr","locations":[{"start":{"line":44,"column":8},"end":{"line":44,"column":16}},{"start":{"line":44,"column":20},"end":{"line":44,"column":46}}],"line":44},"9":{"loc":{"start":{"line":50,"column":4},"end":{"line":53,"column":9}},"type":"if","locations":[{"start":{"line":50,"column":4},"end":{"line":53,"column":9}},{"start":{},"end":{}}],"line":50},"10":{"loc":{"start":{"line":56,"column":4},"end":{"line":59,"column":9}},"type":"if","locations":[{"start":{"line":56,"column":4},"end":{"line":59,"column":9}},{"start":{},"end":{}}],"line":56},"11":{"loc":{"start":{"line":64,"column":16},"end":{"line":64,"column":32}},"type":"binary-expr","locations":[{"start":{"line":64,"column":16},"end":{"line":64,"column":24}},{"start":{"line":64,"column":28},"end":{"line":64,"column":32}}],"line":64},"12":{"loc":{"start":{"line":65,"column":14},"end":{"line":65,"column":28}},"type":"binary-expr","locations":[{"start":{"line":65,"column":14},"end":{"line":65,"column":20}},{"start":{"line":65,"column":24},"end":{"line":65,"column":28}}],"line":65},"13":{"loc":{"start":{"line":81,"column":4},"end":{"line":83,"column":5}},"type":"if","locations":[{"start":{"line":81,"column":4},"end":{"line":83,"column":5}},{"start":{},"end":{}}],"line":81},"14":{"loc":{"start":{"line":85,"column":4},"end":{"line":87,"column":5}},"type":"if","locations":[{"start":{"line":85,"column":4},"end":{"line":87,"column":5}},{"start":{},"end":{}}],"line":85},"15":{"loc":{"start":{"line":85,"column":8},"end":{"line":85,"column":88}},"type":"binary-expr","locations":[{"start":{"line":85,"column":8},"end":{"line":85,"column":28}},{"start":{"line":85,"column":33},"end":{"line":85,"column":59}},{"start":{"line":85,"column":63},"end":{"line":85,"column":87}}],"line":85},"16":{"loc":{"start":{"line":89,"column":4},"end":{"line":103,"column":5}},"type":"if","locations":[{"start":{"line":89,"column":4},"end":{"line":103,"column":5}},{"start":{},"end":{}}],"line":89},"17":{"loc":{"start":{"line":90,"column":6},"end":{"line":92,"column":7}},"type":"if","locations":[{"start":{"line":90,"column":6},"end":{"line":92,"column":7}},{"start":{},"end":{}}],"line":90},"18":{"loc":{"start":{"line":98,"column":6},"end":{"line":102,"column":7}},"type":"if","locations":[{"start":{"line":98,"column":6},"end":{"line":102,"column":7}},{"start":{},"end":{}}],"line":98},"19":{"loc":{"start":{"line":105,"column":4},"end":{"line":119,"column":5}},"type":"if","locations":[{"start":{"line":105,"column":4},"end":{"line":119,"column":5}},{"start":{},"end":{}}],"line":105},"20":{"loc":{"start":{"line":105,"column":8},"end":{"line":105,"column":64}},"type":"binary-expr","locations":[{"start":{"line":105,"column":8},"end":{"line":105,"column":28}},{"start":{"line":105,"column":32},"end":{"line":105,"column":47}},{"start":{"line":105,"column":51},"end":{"line":105,"column":64}}],"line":105},"21":{"loc":{"start":{"line":106,"column":6},"end":{"line":108,"column":7}},"type":"if","locations":[{"start":{"line":106,"column":6},"end":{"line":108,"column":7}},{"start":{},"end":{}}],"line":106},"22":{"loc":{"start":{"line":114,"column":6},"end":{"line":118,"column":7}},"type":"if","locations":[{"start":{"line":114,"column":6},"end":{"line":118,"column":7}},{"start":{},"end":{}}],"line":114},"23":{"loc":{"start":{"line":121,"column":4},"end":{"line":123,"column":5}},"type":"if","locations":[{"start":{"line":121,"column":4},"end":{"line":123,"column":5}},{"start":{},"end":{}}],"line":121},"24":{"loc":{"start":{"line":121,"column":8},"end":{"line":121,"column":100}},"type":"binary-expr","locations":[{"start":{"line":121,"column":8},"end":{"line":121,"column":30}},{"start":{"line":121,"column":34},"end":{"line":121,"column":51}},{"start":{"line":121,"column":55},"end":{"line":121,"column":70}},{"start":{"line":121,"column":74},"end":{"line":121,"column":100}}],"line":121},"25":{"loc":{"start":{"line":145,"column":4},"end":{"line":149,"column":5}},"type":"if","locations":[{"start":{"line":145,"column":4},"end":{"line":149,"column":5}},{"start":{},"end":{}}],"line":145},"26":{"loc":{"start":{"line":152,"column":4},"end":{"line":154,"column":5}},"type":"if","locations":[{"start":{"line":152,"column":4},"end":{"line":154,"column":5}},{"start":{},"end":{}}],"line":152}},"s":{"0":3,"1":3,"2":3,"3":3,"4":4,"5":4,"6":0,"7":4,"8":3,"9":2,"10":2,"11":1,"12":1,"13":3,"14":8,"15":8,"16":8,"17":1,"18":7,"19":1,"20":6,"21":1,"22":5,"23":0,"24":5,"25":5,"26":1,"27":4,"28":4,"29":1,"30":3,"31":2,"32":1,"33":3,"34":4,"35":4,"36":4,"37":4,"38":4,"39":1,"40":3,"41":0,"42":3,"43":1,"44":0,"45":1,"46":1,"47":1,"48":2,"49":0,"50":0,"51":0,"52":0,"53":0,"54":2,"55":0,"56":2,"57":1,"58":1,"59":3,"60":3,"61":3,"62":3,"63":3,"64":1,"65":2,"66":1,"67":0,"68":1,"69":1},"f":{"0":4,"1":2,"2":8,"3":4,"4":3},"b":{"0":[0,4],"1":[1,7],"2":[8,8,8],"3":[1,6],"4":[7,7],"5":[1,5],"6":[6,6],"7":[0,5],"8":[5,2],"9":[1,4],"10":[1,3],"11":[3,1],"12":[3,0],"13":[1,3],"14":[0,3],"15":[3,2,2],"16":[1,2],"17":[0,1],"18":[1,0],"19":[0,2],"20":[2,0,0],"21":[0,0],"22":[0,0],"23":[0,2],"24":[2,0,0,0],"25":[1,2],"26":[0,1]},"_coverageSchema":"1a1c01bbd47fc00a2c39e90264f33305004495a9","hash":"438ee9014a4dcf9351ca36b3f89e171ad9904378"}
,"D:\\Proyectos\\mediplan\\backend\\src\\middlewares\\auth.middleware.js": {"path":"D:\\Proyectos\\mediplan\\backend\\src\\middlewares\\auth.middleware.js","statementMap":{"0":{"start":{"line":3,"column":30},"end":{"line":21,"column":1}},"1":{"start":{"line":4,"column":17},"end":{"line":4,"column":45}},"2":{"start":{"line":5,"column":2},"end":{"line":6,"column":72}},"3":{"start":{"line":6,"column":4},"end":{"line":6,"column":72}},"4":{"start":{"line":8,"column":16},"end":{"line":8,"column":36}},"5":{"start":{"line":9,"column":2},"end":{"line":10,"column":75}},"6":{"start":{"line":10,"column":4},"end":{"line":10,"column":75}},"7":{"start":{"line":12,"column":2},"end":{"line":20,"column":3}},"8":{"start":{"line":13,"column":20},"end":{"line":13,"column":61}},"9":{"start":{"line":15,"column":4},"end":{"line":15,"column":26}},"10":{"start":{"line":16,"column":4},"end":{"line":16,"column":23}},"11":{"start":{"line":17,"column":4},"end":{"line":17,"column":11}},"12":{"start":{"line":19,"column":4},"end":{"line":19,"column":68}},"13":{"start":{"line":23,"column":27},"end":{"line":32,"column":1}},"14":{"start":{"line":24,"column":2},"end":{"line":31,"column":4}},"15":{"start":{"line":25,"column":4},"end":{"line":29,"column":5}},"16":{"start":{"line":26,"column":6},"end":{"line":28,"column":9}},"17":{"start":{"line":30,"column":4},"end":{"line":30,"column":11}}},"fnMap":{"0":{"name":"(anonymous_0)","decl":{"start":{"line":3,"column":30},"end":{"line":3,"column":31}},"loc":{"start":{"line":3,"column":50},"end":{"line":21,"column":1}},"line":3},"1":{"name":"(anonymous_1)","decl":{"start":{"line":23,"column":27},"end":{"line":23,"column":28}},"loc":{"start":{"line":23,"column":37},"end":{"line":32,"column":1}},"line":23},"2":{"name":"(anonymous_2)","decl":{"start":{"line":24,"column":9},"end":{"line":24,"column":10}},"loc":{"start":{"line":24,"column":29},"end":{"line":31,"column":3}},"line":24}},"branchMap":{"0":{"loc":{"start":{"line":5,"column":2},"end":{"line":6,"column":72}},"type":"if","locations":[{"start":{"line":5,"column":2},"end":{"line":6,"column":72}},{"start":{},"end":{}}],"line":5},"1":{"loc":{"start":{"line":9,"column":2},"end":{"line":10,"column":75}},"type":"if","locations":[{"start":{"line":9,"column":2},"end":{"line":10,"column":75}},{"start":{},"end":{}}],"line":9},"2":{"loc":{"start":{"line":25,"column":4},"end":{"line":29,"column":5}},"type":"if","locations":[{"start":{"line":25,"column":4},"end":{"line":29,"column":5}},{"start":{},"end":{}}],"line":25},"3":{"loc":{"start":{"line":25,"column":8},"end":{"line":25,"column":42}},"type":"binary-expr","locations":[{"start":{"line":25,"column":8},"end":{"line":25,"column":17}},{"start":{"line":25,"column":21},"end":{"line":25,"column":42}}],"line":25}},"s":{"0":5,"1":15,"2":15,"3":2,"4":13,"5":13,"6":2,"7":11,"8":11,"9":9,"10":9,"11":9,"12":2,"13":5,"14":10,"15":4,"16":3,"17":1},"f":{"0":15,"1":10,"2":4},"b":{"0":[2,13],"1":[2,11],"2":[3,1],"3":[4,4]},"_coverageSchema":"1a1c01bbd47fc00a2c39e90264f33305004495a9","hash":"89cf95ea22bc80ca92fe2669b8d6f46d8e194260"}
,"D:\\Proyectos\\mediplan\\backend\\src\\models\\Cita.js": {"path":"D:\\Proyectos\\mediplan\\backend\\src\\models\\Cita.js","statementMap":{"0":{"start":{"line":6,"column":20},"end":{"line":45,"column":1}},"1":{"start":{"line":48,"column":0},"end":{"line":53,"column":3}},"2":{"start":{"line":54,"column":0},"end":{"line":59,"column":3}},"3":{"start":{"line":60,"column":0},"end":{"line":60,"column":52}},"4":{"start":{"line":61,"column":0},"end":{"line":61,"column":56}}},"fnMap":{},"branchMap":{},"s":{"0":7,"1":7,"2":7,"3":7,"4":7},"f":{},"b":{},"_coverageSchema":"1a1c01bbd47fc00a2c39e90264f33305004495a9","hash":"ae1832b1197d45446e109aaaaa77a7686bfbc316"}
,"D:\\Proyectos\\mediplan\\backend\\src\\models\\Doctor.js": {"path":"D:\\Proyectos\\mediplan\\backend\\src\\models\\Doctor.js","statementMap":{"0":{"start":{"line":5,"column":22},"end":{"line":19,"column":1}}},"fnMap":{},"branchMap":{},"s":{"0":9},"f":{},"b":{},"_coverageSchema":"1a1c01bbd47fc00a2c39e90264f33305004495a9","hash":"c99195404a0deed4fca804536d5db36cee213e97"}
,"D:\\Proyectos\\mediplan\\backend\\src\\models\\Paciente.js": {"path":"D:\\Proyectos\\mediplan\\backend\\src\\models\\Paciente.js","statementMap":{"0":{"start":{"line":4,"column":24},"end":{"line":18,"column":1}}},"fnMap":{},"branchMap":{},"s":{"0":7},"f":{},"b":{},"_coverageSchema":"1a1c01bbd47fc00a2c39e90264f33305004495a9","hash":"4b979212dfb5a3e3081ecd91fe4b759fe9f9f9fb"}
,"D:\\Proyectos\\mediplan\\backend\\src\\models\\Usuario.js": {"path":"D:\\Proyectos\\mediplan\\backend\\src\\models\\Usuario.js","statementMap":{"0":{"start":{"line":4,"column":23},"end":{"line":21,"column":1}}},"fnMap":{},"branchMap":{},"s":{"0":3},"f":{},"b":{},"_coverageSchema":"1a1c01bbd47fc00a2c39e90264f33305004495a9","hash":"ecca0e1c149c2124219d9b4f29ec7df8e162c364"}
,"D:\\Proyectos\\mediplan\\backend\\src\\routes\\auth.routes.js": {"path":"D:\\Proyectos\\mediplan\\backend\\src\\routes\\auth.routes.js","statementMap":{"0":{"start":{"line":4,"column":15},"end":{"line":4,"column":31}},"1":{"start":{"line":6,"column":0},"end":{"line":6,"column":43}},"2":{"start":{"line":7,"column":0},"end":{"line":7,"column":36}}},"fnMap":{},"branchMap":{},"s":{"0":1,"1":1,"2":1},"f":{},"b":{},"_coverageSchema":"1a1c01bbd47fc00a2c39e90264f33305004495a9","hash":"1ebf7677925dc659a1e263e4cb63752b685a75cc"}
,"D:\\Proyectos\\mediplan\\backend\\src\\routes\\cita.routes.js": {"path":"D:\\Proyectos\\mediplan\\backend\\src\\routes\\cita.routes.js","statementMap":{"0":{"start":{"line":5,"column":15},"end":{"line":5,"column":31}},"1":{"start":{"line":7,"column":0},"end":{"line":7,"column":46}},"2":{"start":{"line":8,"column":0},"end":{"line":8,"column":44}},"3":{"start":{"line":9,"column":0},"end":{"line":9,"column":73}},"4":{"start":{"line":10,"column":0},"end":{"line":10,"column":52}}},"fnMap":{},"branchMap":{},"s":{"0":2,"1":2,"2":2,"3":2,"4":2},"f":{},"b":{},"_coverageSchema":"1a1c01bbd47fc00a2c39e90264f33305004495a9","hash":"1f6d9816b5d856cba27ac62bcb9c042d3de7d9ea"}
,"D:\\Proyectos\\mediplan\\backend\\src\\routes\\doctor.routes.js": {"path":"D:\\Proyectos\\mediplan\\backend\\src\\routes\\doctor.routes.js","statementMap":{"0":{"start":{"line":5,"column":15},"end":{"line":5,"column":31}},"1":{"start":{"line":7,"column":0},"end":{"line":7,"column":33}},"2":{"start":{"line":8,"column":0},"end":{"line":8,"column":68}},"3":{"start":{"line":9,"column":0},"end":{"line":9,"column":76}},"4":{"start":{"line":11,"column":0},"end":{"line":13,"column":3}},"5":{"start":{"line":12,"column":2},"end":{"line":12,"column":83}}},"fnMap":{"0":{"name":"(anonymous_0)","decl":{"start":{"line":11,"column":41},"end":{"line":11,"column":42}},"loc":{"start":{"line":11,"column":55},"end":{"line":13,"column":1}},"line":11}},"branchMap":{},"s":{"0":2,"1":2,"2":2,"3":2,"4":2,"5":1},"f":{"0":1},"b":{},"_coverageSchema":"1a1c01bbd47fc00a2c39e90264f33305004495a9","hash":"4ad9bf9caeb3a91177b25808ab390f0ee524f9fc"}
,"D:\\Proyectos\\mediplan\\backend\\src\\routes\\paciente.routes.js": {"path":"D:\\Proyectos\\mediplan\\backend\\src\\routes\\paciente.routes.js","statementMap":{"0":{"start":{"line":5,"column":15},"end":{"line":5,"column":31}},"1":{"start":{"line":8,"column":0},"end":{"line":8,"column":50}},"2":{"start":{"line":9,"column":0},"end":{"line":9,"column":70}},"3":{"start":{"line":10,"column":0},"end":{"line":10,"column":55}},"4":{"start":{"line":11,"column":0},"end":{"line":11,"column":78}}},"fnMap":{},"branchMap":{},"s":{"0":2,"1":2,"2":2,"3":2,"4":2},"f":{},"b":{},"_coverageSchema":"1a1c01bbd47fc00a2c39e90264f33305004495a9","hash":"ec74ff08f8f7d507029b64caf99ede5c23d57fe2"}
}
