{"D:\\Proyectos\\mediplan\\backend\\src\\app.js": {"path":"D:\\Proyectos\\mediplan\\backend\\src\\app.js","statementMap":{"0":{"start":{"line":9,"column":12},"end":{"line":9,"column":21}},"1":{"start":{"line":11,"column":0},"end":{"line":11,"column":16}},"2":{"start":{"line":12,"column":0},"end":{"line":12,"column":24}},"3":{"start":{"line":15,"column":0},"end":{"line":15,"column":33}},"4":{"start":{"line":16,"column":0},"end":{"line":16,"column":39}},"5":{"start":{"line":17,"column":0},"end":{"line":17,"column":42}},"6":{"start":{"line":18,"column":0},"end":{"line":18,"column":34}},"7":{"start":{"line":21,"column":0},"end":{"line":21,"column":19}},"8":{"start":{"line":22,"column":0},"end":{"line":22,"column":38}}},"fnMap":{},"branchMap":{},"s":{"0":0,"1":0,"2":0,"3":0,"4":0,"5":0,"6":0,"7":0,"8":0},"f":{},"b":{}}
,"D:\\Proyectos\\mediplan\\backend\\src\\config\\database.js": {"path":"D:\\Proyectos\\mediplan\\backend\\src\\config\\database.js","statementMap":{"0":{"start":{"line":4,"column":0},"end":{"line":4,"column":16}},"1":{"start":{"line":6,"column":25},"end":{"line":15,"column":1}},"2":{"start":{"line":17,"column":26},"end":{"line":24,"column":1}},"3":{"start":{"line":18,"column":2},"end":{"line":23,"column":3}},"4":{"start":{"line":19,"column":4},"end":{"line":19,"column":35}},"5":{"start":{"line":20,"column":4},"end":{"line":20,"column":46}},"6":{"start":{"line":22,"column":4},"end":{"line":22,"column":52}}},"fnMap":{"0":{"name":"(anonymous_0)","decl":{"start":{"line":17,"column":26},"end":{"line":17,"column":27}},"loc":{"start":{"line":17,"column":38},"end":{"line":24,"column":1}},"line":17}},"branchMap":{},"s":{"0":11,"1":11,"2":11,"3":0,"4":0,"5":0,"6":0},"f":{"0":0},"b":{},"_coverageSchema":"1a1c01bbd47fc00a2c39e90264f33305004495a9","hash":"b25344430e63921df1159ac3172e6b24173b304a"}
,"D:\\Proyectos\\mediplan\\backend\\src\\controllers\\auth.controller.js": {"path":"D:\\Proyectos\\mediplan\\backend\\src\\controllers\\auth.controller.js","statementMap":{"0":{"start":{"line":5,"column":21},"end":{"line":11,"column":1}},"1":{"start":{"line":6,"column":2},"end":{"line":10,"column":4}},"2":{"start":{"line":14,"column":32},"end":{"line":46,"column":1}},"3":{"start":{"line":15,"column":2},"end":{"line":45,"column":3}},"4":{"start":{"line":16,"column":46},"end":{"line":16,"column":54}},"5":{"start":{"line":19,"column":22},"end":{"line":19,"column":66}},"6":{"start":{"line":20,"column":4},"end":{"line":21,"column":80}},"7":{"start":{"line":21,"column":6},"end":{"line":21,"column":80}},"8":{"start":{"line":24,"column":17},"end":{"line":24,"column":39}},"9":{"start":{"line":25,"column":17},"end":{"line":25,"column":48}},"10":{"start":{"line":27,"column":25},"end":{"line":32,"column":6}},"11":{"start":{"line":34,"column":4},"end":{"line":42,"column":7}},"12":{"start":{"line":44,"column":4},"end":{"line":44,"column":69}},"13":{"start":{"line":49,"column":28},"end":{"line":76,"column":1}},"14":{"start":{"line":50,"column":2},"end":{"line":75,"column":3}},"15":{"start":{"line":51,"column":33},"end":{"line":51,"column":41}},"16":{"start":{"line":53,"column":20},"end":{"line":53,"column":64}},"17":{"start":{"line":54,"column":4},"end":{"line":55,"column":73}},"18":{"start":{"line":55,"column":6},"end":{"line":55,"column":73}},"19":{"start":{"line":57,"column":19},"end":{"line":57,"column":65}},"20":{"start":{"line":58,"column":4},"end":{"line":59,"column":73}},"21":{"start":{"line":59,"column":6},"end":{"line":59,"column":73}},"22":{"start":{"line":61,"column":18},"end":{"line":61,"column":39}},"23":{"start":{"line":63,"column":4},"end":{"line":72,"column":7}},"24":{"start":{"line":74,"column":4},"end":{"line":74,"column":72}}},"fnMap":{"0":{"name":"(anonymous_0)","decl":{"start":{"line":5,"column":21},"end":{"line":5,"column":22}},"loc":{"start":{"line":5,"column":34},"end":{"line":11,"column":1}},"line":5},"1":{"name":"(anonymous_1)","decl":{"start":{"line":14,"column":32},"end":{"line":14,"column":33}},"loc":{"start":{"line":14,"column":52},"end":{"line":46,"column":1}},"line":14},"2":{"name":"(anonymous_2)","decl":{"start":{"line":49,"column":28},"end":{"line":49,"column":29}},"loc":{"start":{"line":49,"column":48},"end":{"line":76,"column":1}},"line":49}},"branchMap":{"0":{"loc":{"start":{"line":20,"column":4},"end":{"line":21,"column":80}},"type":"if","locations":[{"start":{"line":20,"column":4},"end":{"line":21,"column":80}},{"start":{},"end":{}}],"line":20},"1":{"loc":{"start":{"line":54,"column":4},"end":{"line":55,"column":73}},"type":"if","locations":[{"start":{"line":54,"column":4},"end":{"line":55,"column":73}},{"start":{},"end":{}}],"line":54},"2":{"loc":{"start":{"line":58,"column":4},"end":{"line":59,"column":73}},"type":"if","locations":[{"start":{"line":58,"column":4},"end":{"line":59,"column":73}},{"start":{},"end":{}}],"line":58}},"s":{"0":3,"1":1,"2":3,"3":4,"4":4,"5":4,"6":4,"7":2,"8":2,"9":2,"10":2,"11":1,"12":1,"13":3,"14":6,"15":6,"16":6,"17":5,"18":2,"19":3,"20":3,"21":2,"22":1,"23":1,"24":1},"f":{"0":1,"1":4,"2":6},"b":{"0":[2,2],"1":[2,3],"2":[2,1]},"_coverageSchema":"1a1c01bbd47fc00a2c39e90264f33305004495a9","hash":"e7f0959d406873a1b008d934b10cef7f8687aafb"}
,"D:\\Proyectos\\mediplan\\backend\\src\\controllers\\cita.controller.js": {"path":"D:\\Proyectos\\mediplan\\backend\\src\\controllers\\cita.controller.js","statementMap":{"0":{"start":{"line":6,"column":24},"end":{"line":6,"column":64}},"1":{"start":{"line":9,"column":28},"end":{"line":21,"column":1}},"2":{"start":{"line":10,"column":2},"end":{"line":20,"column":3}},"3":{"start":{"line":11,"column":18},"end":{"line":16,"column":6}},"4":{"start":{"line":17,"column":4},"end":{"line":17,"column":20}},"5":{"start":{"line":19,"column":4},"end":{"line":19,"column":71}},"6":{"start":{"line":24,"column":25},"end":{"line":97,"column":1}},"7":{"start":{"line":25,"column":2},"end":{"line":96,"column":3}},"8":{"start":{"line":26,"column":54},"end":{"line":26,"column":62}},"9":{"start":{"line":29,"column":4},"end":{"line":33,"column":5}},"10":{"start":{"line":30,"column":6},"end":{"line":32,"column":9}},"11":{"start":{"line":35,"column":22},"end":{"line":35,"column":37}},"12":{"start":{"line":36,"column":4},"end":{"line":38,"column":5}},"13":{"start":{"line":37,"column":6},"end":{"line":37,"column":84}},"14":{"start":{"line":40,"column":4},"end":{"line":42,"column":5}},"15":{"start":{"line":41,"column":6},"end":{"line":41,"column":96}},"16":{"start":{"line":44,"column":4},"end":{"line":46,"column":5}},"17":{"start":{"line":45,"column":6},"end":{"line":45,"column":85}},"18":{"start":{"line":48,"column":19},"end":{"line":48,"column":51}},"19":{"start":{"line":49,"column":4},"end":{"line":51,"column":5}},"20":{"start":{"line":50,"column":6},"end":{"line":50,"column":84}},"21":{"start":{"line":53,"column":21},"end":{"line":53,"column":57}},"22":{"start":{"line":54,"column":4},"end":{"line":56,"column":5}},"23":{"start":{"line":55,"column":6},"end":{"line":55,"column":86}},"24":{"start":{"line":58,"column":25},"end":{"line":64,"column":6}},"25":{"start":{"line":66,"column":4},"end":{"line":70,"column":5}},"26":{"start":{"line":67,"column":6},"end":{"line":69,"column":9}},"27":{"start":{"line":72,"column":27},"end":{"line":78,"column":6}},"28":{"start":{"line":80,"column":4},"end":{"line":84,"column":5}},"29":{"start":{"line":81,"column":6},"end":{"line":83,"column":9}},"30":{"start":{"line":86,"column":22},"end":{"line":91,"column":6}},"31":{"start":{"line":93,"column":4},"end":{"line":93,"column":36}},"32":{"start":{"line":95,"column":4},"end":{"line":95,"column":68}},"33":{"start":{"line":100,"column":30},"end":{"line":187,"column":1}},"34":{"start":{"line":101,"column":2},"end":{"line":186,"column":3}},"35":{"start":{"line":102,"column":19},"end":{"line":102,"column":29}},"36":{"start":{"line":103,"column":54},"end":{"line":103,"column":62}},"37":{"start":{"line":105,"column":23},"end":{"line":105,"column":46}},"38":{"start":{"line":106,"column":4},"end":{"line":108,"column":5}},"39":{"start":{"line":107,"column":6},"end":{"line":107,"column":70}},"40":{"start":{"line":110,"column":4},"end":{"line":114,"column":5}},"41":{"start":{"line":111,"column":6},"end":{"line":113,"column":9}},"42":{"start":{"line":116,"column":21},"end":{"line":116,"column":37}},"43":{"start":{"line":117,"column":4},"end":{"line":126,"column":5}},"44":{"start":{"line":118,"column":25},"end":{"line":118,"column":40}},"45":{"start":{"line":119,"column":6},"end":{"line":121,"column":7}},"46":{"start":{"line":120,"column":8},"end":{"line":120,"column":86}},"47":{"start":{"line":122,"column":6},"end":{"line":124,"column":7}},"48":{"start":{"line":123,"column":8},"end":{"line":123,"column":98}},"49":{"start":{"line":125,"column":6},"end":{"line":125,"column":30}},"50":{"start":{"line":128,"column":4},"end":{"line":130,"column":5}},"51":{"start":{"line":129,"column":6},"end":{"line":129,"column":85}},"52":{"start":{"line":132,"column":24},"end":{"line":132,"column":57}},"53":{"start":{"line":133,"column":26},"end":{"line":133,"column":63}},"54":{"start":{"line":134,"column":24},"end":{"line":134,"column":51}},"55":{"start":{"line":136,"column":4},"end":{"line":141,"column":5}},"56":{"start":{"line":137,"column":21},"end":{"line":137,"column":55}},"57":{"start":{"line":138,"column":6},"end":{"line":140,"column":7}},"58":{"start":{"line":139,"column":8},"end":{"line":139,"column":86}},"59":{"start":{"line":143,"column":4},"end":{"line":148,"column":5}},"60":{"start":{"line":144,"column":23},"end":{"line":144,"column":61}},"61":{"start":{"line":145,"column":6},"end":{"line":147,"column":7}},"62":{"start":{"line":146,"column":8},"end":{"line":146,"column":88}},"63":{"start":{"line":150,"column":4},"end":{"line":180,"column":5}},"64":{"start":{"line":151,"column":27},"end":{"line":158,"column":8}},"65":{"start":{"line":160,"column":6},"end":{"line":164,"column":7}},"66":{"start":{"line":161,"column":8},"end":{"line":163,"column":11}},"67":{"start":{"line":166,"column":29},"end":{"line":173,"column":8}},"68":{"start":{"line":175,"column":6},"end":{"line":179,"column":7}},"69":{"start":{"line":176,"column":8},"end":{"line":178,"column":11}},"70":{"start":{"line":182,"column":4},"end":{"line":182,"column":51}},"71":{"start":{"line":183,"column":4},"end":{"line":183,"column":60}},"72":{"start":{"line":185,"column":4},"end":{"line":185,"column":73}},"73":{"start":{"line":190,"column":28},"end":{"line":198,"column":1}},"74":{"start":{"line":191,"column":2},"end":{"line":197,"column":3}},"75":{"start":{"line":192,"column":19},"end":{"line":192,"column":29}},"76":{"start":{"line":193,"column":4},"end":{"line":193,"column":42}},"77":{"start":{"line":194,"column":4},"end":{"line":194,"column":58}},"78":{"start":{"line":196,"column":4},"end":{"line":196,"column":71}}},"fnMap":{"0":{"name":"(anonymous_0)","decl":{"start":{"line":9,"column":28},"end":{"line":9,"column":29}},"loc":{"start":{"line":9,"column":48},"end":{"line":21,"column":1}},"line":9},"1":{"name":"(anonymous_1)","decl":{"start":{"line":24,"column":25},"end":{"line":24,"column":26}},"loc":{"start":{"line":24,"column":45},"end":{"line":97,"column":1}},"line":24},"2":{"name":"(anonymous_2)","decl":{"start":{"line":100,"column":30},"end":{"line":100,"column":31}},"loc":{"start":{"line":100,"column":50},"end":{"line":187,"column":1}},"line":100},"3":{"name":"(anonymous_3)","decl":{"start":{"line":190,"column":28},"end":{"line":190,"column":29}},"loc":{"start":{"line":190,"column":48},"end":{"line":198,"column":1}},"line":190}},"branchMap":{"0":{"loc":{"start":{"line":29,"column":4},"end":{"line":33,"column":5}},"type":"if","locations":[{"start":{"line":29,"column":4},"end":{"line":33,"column":5}},{"start":{},"end":{}}],"line":29},"1":{"loc":{"start":{"line":29,"column":8},"end":{"line":29,"column":44}},"type":"binary-expr","locations":[{"start":{"line":29,"column":8},"end":{"line":29,"column":14}},{"start":{"line":29,"column":18},"end":{"line":29,"column":28}},{"start":{"line":29,"column":32},"end":{"line":29,"column":44}}],"line":29},"2":{"loc":{"start":{"line":36,"column":4},"end":{"line":38,"column":5}},"type":"if","locations":[{"start":{"line":36,"column":4},"end":{"line":38,"column":5}},{"start":{},"end":{}}],"line":36},"3":{"loc":{"start":{"line":40,"column":4},"end":{"line":42,"column":5}},"type":"if","locations":[{"start":{"line":40,"column":4},"end":{"line":42,"column":5}},{"start":{},"end":{}}],"line":40},"4":{"loc":{"start":{"line":44,"column":4},"end":{"line":46,"column":5}},"type":"if","locations":[{"start":{"line":44,"column":4},"end":{"line":46,"column":5}},{"start":{},"end":{}}],"line":44},"5":{"loc":{"start":{"line":44,"column":8},"end":{"line":44,"column":51}},"type":"binary-expr","locations":[{"start":{"line":44,"column":8},"end":{"line":44,"column":14}},{"start":{"line":44,"column":18},"end":{"line":44,"column":51}}],"line":44},"6":{"loc":{"start":{"line":49,"column":4},"end":{"line":51,"column":5}},"type":"if","locations":[{"start":{"line":49,"column":4},"end":{"line":51,"column":5}},{"start":{},"end":{}}],"line":49},"7":{"loc":{"start":{"line":54,"column":4},"end":{"line":56,"column":5}},"type":"if","locations":[{"start":{"line":54,"column":4},"end":{"line":56,"column":5}},{"start":{},"end":{}}],"line":54},"8":{"loc":{"start":{"line":66,"column":4},"end":{"line":70,"column":5}},"type":"if","locations":[{"start":{"line":66,"column":4},"end":{"line":70,"column":5}},{"start":{},"end":{}}],"line":66},"9":{"loc":{"start":{"line":80,"column":4},"end":{"line":84,"column":5}},"type":"if","locations":[{"start":{"line":80,"column":4},"end":{"line":84,"column":5}},{"start":{},"end":{}}],"line":80},"10":{"loc":{"start":{"line":106,"column":4},"end":{"line":108,"column":5}},"type":"if","locations":[{"start":{"line":106,"column":4},"end":{"line":108,"column":5}},{"start":{},"end":{}}],"line":106},"11":{"loc":{"start":{"line":110,"column":4},"end":{"line":114,"column":5}},"type":"if","locations":[{"start":{"line":110,"column":4},"end":{"line":114,"column":5}},{"start":{},"end":{}}],"line":110},"12":{"loc":{"start":{"line":110,"column":8},"end":{"line":110,"column":77}},"type":"binary-expr","locations":[{"start":{"line":110,"column":8},"end":{"line":110,"column":41}},{"start":{"line":110,"column":45},"end":{"line":110,"column":51}},{"start":{"line":110,"column":55},"end":{"line":110,"column":77}}],"line":110},"13":{"loc":{"start":{"line":117,"column":4},"end":{"line":126,"column":5}},"type":"if","locations":[{"start":{"line":117,"column":4},"end":{"line":126,"column":5}},{"start":{},"end":{}}],"line":117},"14":{"loc":{"start":{"line":119,"column":6},"end":{"line":121,"column":7}},"type":"if","locations":[{"start":{"line":119,"column":6},"end":{"line":121,"column":7}},{"start":{},"end":{}}],"line":119},"15":{"loc":{"start":{"line":122,"column":6},"end":{"line":124,"column":7}},"type":"if","locations":[{"start":{"line":122,"column":6},"end":{"line":124,"column":7}},{"start":{},"end":{}}],"line":122},"16":{"loc":{"start":{"line":128,"column":4},"end":{"line":130,"column":5}},"type":"if","locations":[{"start":{"line":128,"column":4},"end":{"line":130,"column":5}},{"start":{},"end":{}}],"line":128},"17":{"loc":{"start":{"line":128,"column":8},"end":{"line":128,"column":65}},"type":"binary-expr","locations":[{"start":{"line":128,"column":8},"end":{"line":128,"column":28}},{"start":{"line":128,"column":32},"end":{"line":128,"column":65}}],"line":128},"18":{"loc":{"start":{"line":132,"column":24},"end":{"line":132,"column":57}},"type":"binary-expr","locations":[{"start":{"line":132,"column":24},"end":{"line":132,"column":33}},{"start":{"line":132,"column":37},"end":{"line":132,"column":57}}],"line":132},"19":{"loc":{"start":{"line":133,"column":26},"end":{"line":133,"column":63}},"type":"binary-expr","locations":[{"start":{"line":133,"column":26},"end":{"line":133,"column":37}},{"start":{"line":133,"column":41},"end":{"line":133,"column":63}}],"line":133},"20":{"loc":{"start":{"line":134,"column":24},"end":{"line":134,"column":51}},"type":"binary-expr","locations":[{"start":{"line":134,"column":24},"end":{"line":134,"column":30}},{"start":{"line":134,"column":34},"end":{"line":134,"column":51}}],"line":134},"21":{"loc":{"start":{"line":136,"column":4},"end":{"line":141,"column":5}},"type":"if","locations":[{"start":{"line":136,"column":4},"end":{"line":141,"column":5}},{"start":{},"end":{}}],"line":136},"22":{"loc":{"start":{"line":138,"column":6},"end":{"line":140,"column":7}},"type":"if","locations":[{"start":{"line":138,"column":6},"end":{"line":140,"column":7}},{"start":{},"end":{}}],"line":138},"23":{"loc":{"start":{"line":143,"column":4},"end":{"line":148,"column":5}},"type":"if","locations":[{"start":{"line":143,"column":4},"end":{"line":148,"column":5}},{"start":{},"end":{}}],"line":143},"24":{"loc":{"start":{"line":145,"column":6},"end":{"line":147,"column":7}},"type":"if","locations":[{"start":{"line":145,"column":6},"end":{"line":147,"column":7}},{"start":{},"end":{}}],"line":145},"25":{"loc":{"start":{"line":150,"column":4},"end":{"line":180,"column":5}},"type":"if","locations":[{"start":{"line":150,"column":4},"end":{"line":180,"column":5}},{"start":{},"end":{}}],"line":150},"26":{"loc":{"start":{"line":160,"column":6},"end":{"line":164,"column":7}},"type":"if","locations":[{"start":{"line":160,"column":6},"end":{"line":164,"column":7}},{"start":{},"end":{}}],"line":160},"27":{"loc":{"start":{"line":175,"column":6},"end":{"line":179,"column":7}},"type":"if","locations":[{"start":{"line":175,"column":6},"end":{"line":179,"column":7}},{"start":{},"end":{}}],"line":175}},"s":{"0":4,"1":4,"2":3,"3":3,"4":1,"5":2,"6":4,"7":4,"8":4,"9":4,"10":0,"11":4,"12":4,"13":0,"14":4,"15":1,"16":3,"17":0,"18":3,"19":3,"20":1,"21":2,"22":2,"23":0,"24":2,"25":2,"26":1,"27":1,"28":1,"29":0,"30":1,"31":1,"32":0,"33":4,"34":3,"35":3,"36":3,"37":3,"38":3,"39":0,"40":3,"41":1,"42":2,"43":2,"44":0,"45":0,"46":0,"47":0,"48":0,"49":0,"50":2,"51":0,"52":2,"53":2,"54":2,"55":2,"56":0,"57":0,"58":0,"59":2,"60":0,"61":0,"62":0,"63":2,"64":2,"65":2,"66":0,"67":2,"68":2,"69":0,"70":2,"71":1,"72":1,"73":4,"74":2,"75":2,"76":2,"77":1,"78":1},"f":{"0":3,"1":4,"2":3,"3":2},"b":{"0":[0,4],"1":[4,4,4],"2":[0,4],"3":[1,3],"4":[0,3],"5":[3,3],"6":[1,2],"7":[0,2],"8":[1,1],"9":[0,1],"10":[0,3],"11":[1,2],"12":[3,1,1],"13":[0,2],"14":[0,0],"15":[0,0],"16":[0,2],"17":[2,2],"18":[2,2],"19":[2,2],"20":[2,0],"21":[0,2],"22":[0,0],"23":[0,2],"24":[0,0],"25":[2,0],"26":[0,2],"27":[0,2]},"_coverageSchema":"1a1c01bbd47fc00a2c39e90264f33305004495a9","hash":"e5dc7ab72a2bec3092cde22ec31ec7ac8b973ce8"}
,"D:\\Proyectos\\mediplan\\backend\\src\\controllers\\doctor.controller.js": {"path":"D:\\Proyectos\\mediplan\\backend\\src\\controllers\\doctor.controller.js","statementMap":{"0":{"start":{"line":3,"column":19},"end":{"line":3,"column":47}},"1":{"start":{"line":4,"column":19},"end":{"line":4,"column":31}},"2":{"start":{"line":6,"column":31},"end":{"line":13,"column":1}},"3":{"start":{"line":7,"column":2},"end":{"line":12,"column":3}},"4":{"start":{"line":8,"column":21},"end":{"line":8,"column":43}},"5":{"start":{"line":9,"column":4},"end":{"line":9,"column":23}},"6":{"start":{"line":11,"column":4},"end":{"line":11,"column":89}},"7":{"start":{"line":15,"column":27},"end":{"line":54,"column":1}},"8":{"start":{"line":16,"column":2},"end":{"line":53,"column":3}},"9":{"start":{"line":17,"column":55},"end":{"line":17,"column":63}},"10":{"start":{"line":20,"column":4},"end":{"line":22,"column":5}},"11":{"start":{"line":21,"column":6},"end":{"line":21,"column":105}},"12":{"start":{"line":24,"column":4},"end":{"line":26,"column":5}},"13":{"start":{"line":25,"column":6},"end":{"line":25,"column":117}},"14":{"start":{"line":28,"column":4},"end":{"line":30,"column":5}},"15":{"start":{"line":29,"column":6},"end":{"line":29,"column":99}},"16":{"start":{"line":32,"column":4},"end":{"line":34,"column":5}},"17":{"start":{"line":33,"column":6},"end":{"line":33,"column":109}},"18":{"start":{"line":36,"column":4},"end":{"line":41,"column":5}},"19":{"start":{"line":37,"column":30},"end":{"line":37,"column":73}},"20":{"start":{"line":38,"column":6},"end":{"line":40,"column":7}},"21":{"start":{"line":39,"column":8},"end":{"line":39,"column":108}},"22":{"start":{"line":43,"column":19},"end":{"line":48,"column":6}},"23":{"start":{"line":50,"column":4},"end":{"line":50,"column":33}},"24":{"start":{"line":52,"column":4},"end":{"line":52,"column":89}}},"fnMap":{"0":{"name":"(anonymous_0)","decl":{"start":{"line":6,"column":31},"end":{"line":6,"column":32}},"loc":{"start":{"line":6,"column":51},"end":{"line":13,"column":1}},"line":6},"1":{"name":"(anonymous_1)","decl":{"start":{"line":15,"column":27},"end":{"line":15,"column":28}},"loc":{"start":{"line":15,"column":47},"end":{"line":54,"column":1}},"line":15}},"branchMap":{"0":{"loc":{"start":{"line":20,"column":4},"end":{"line":22,"column":5}},"type":"if","locations":[{"start":{"line":20,"column":4},"end":{"line":22,"column":5}},{"start":{},"end":{}}],"line":20},"1":{"loc":{"start":{"line":20,"column":8},"end":{"line":20,"column":73}},"type":"binary-expr","locations":[{"start":{"line":20,"column":8},"end":{"line":20,"column":15}},{"start":{"line":20,"column":19},"end":{"line":20,"column":45}},{"start":{"line":20,"column":49},"end":{"line":20,"column":73}}],"line":20},"2":{"loc":{"start":{"line":24,"column":4},"end":{"line":26,"column":5}},"type":"if","locations":[{"start":{"line":24,"column":4},"end":{"line":26,"column":5}},{"start":{},"end":{}}],"line":24},"3":{"loc":{"start":{"line":24,"column":8},"end":{"line":24,"column":91}},"type":"binary-expr","locations":[{"start":{"line":24,"column":8},"end":{"line":24,"column":21}},{"start":{"line":24,"column":25},"end":{"line":24,"column":57}},{"start":{"line":24,"column":61},"end":{"line":24,"column":91}}],"line":24},"4":{"loc":{"start":{"line":28,"column":4},"end":{"line":30,"column":5}},"type":"if","locations":[{"start":{"line":28,"column":4},"end":{"line":30,"column":5}},{"start":{},"end":{}}],"line":28},"5":{"loc":{"start":{"line":28,"column":8},"end":{"line":28,"column":42}},"type":"binary-expr","locations":[{"start":{"line":28,"column":8},"end":{"line":28,"column":14}},{"start":{"line":28,"column":18},"end":{"line":28,"column":42}}],"line":28},"6":{"loc":{"start":{"line":32,"column":4},"end":{"line":34,"column":5}},"type":"if","locations":[{"start":{"line":32,"column":4},"end":{"line":34,"column":5}},{"start":{},"end":{}}],"line":32},"7":{"loc":{"start":{"line":32,"column":8},"end":{"line":32,"column":46}},"type":"binary-expr","locations":[{"start":{"line":32,"column":8},"end":{"line":32,"column":16}},{"start":{"line":32,"column":20},"end":{"line":32,"column":46}}],"line":32},"8":{"loc":{"start":{"line":36,"column":4},"end":{"line":41,"column":5}},"type":"if","locations":[{"start":{"line":36,"column":4},"end":{"line":41,"column":5}},{"start":{},"end":{}}],"line":36},"9":{"loc":{"start":{"line":38,"column":6},"end":{"line":40,"column":7}},"type":"if","locations":[{"start":{"line":38,"column":6},"end":{"line":40,"column":7}},{"start":{},"end":{}}],"line":38},"10":{"loc":{"start":{"line":46,"column":16},"end":{"line":46,"column":32}},"type":"binary-expr","locations":[{"start":{"line":46,"column":16},"end":{"line":46,"column":24}},{"start":{"line":46,"column":28},"end":{"line":46,"column":32}}],"line":46},"11":{"loc":{"start":{"line":47,"column":14},"end":{"line":47,"column":28}},"type":"binary-expr","locations":[{"start":{"line":47,"column":14},"end":{"line":47,"column":20}},{"start":{"line":47,"column":24},"end":{"line":47,"column":28}}],"line":47}},"s":{"0":4,"1":4,"2":4,"3":2,"4":2,"5":2,"6":0,"7":4,"8":6,"9":6,"10":6,"11":1,"12":5,"13":0,"14":5,"15":1,"16":4,"17":1,"18":3,"19":3,"20":3,"21":1,"22":2,"23":1,"24":1},"f":{"0":2,"1":6},"b":{"0":[1,5],"1":[6,6,6],"2":[0,5],"3":[5,5,5],"4":[1,4],"5":[5,5],"6":[1,3],"7":[4,3],"8":[3,0],"9":[1,2],"10":[2,0],"11":[2,0]},"_coverageSchema":"1a1c01bbd47fc00a2c39e90264f33305004495a9","hash":"e963ffe42cb26ba57e0defd08c3ba0052ba77c3e"}
,"D:\\Proyectos\\mediplan\\backend\\src\\controllers\\paciente.controller.js": {"path":"D:\\Proyectos\\mediplan\\backend\\src\\controllers\\paciente.controller.js","statementMap":{"0":{"start":{"line":5,"column":19},"end":{"line":5,"column":47}},"1":{"start":{"line":6,"column":19},"end":{"line":6,"column":31}},"2":{"start":{"line":7,"column":23},"end":{"line":7,"column":35}},"3":{"start":{"line":10,"column":32},"end":{"line":17,"column":1}},"4":{"start":{"line":11,"column":2},"end":{"line":16,"column":3}},"5":{"start":{"line":12,"column":22},"end":{"line":12,"column":46}},"6":{"start":{"line":13,"column":4},"end":{"line":13,"column":24}},"7":{"start":{"line":15,"column":4},"end":{"line":15,"column":90}},"8":{"start":{"line":20,"column":29},"end":{"line":68,"column":1}},"9":{"start":{"line":21,"column":2},"end":{"line":67,"column":3}},"10":{"start":{"line":22,"column":52},"end":{"line":22,"column":60}},"11":{"start":{"line":25,"column":4},"end":{"line":27,"column":5}},"12":{"start":{"line":26,"column":6},"end":{"line":26,"column":107}},"13":{"start":{"line":29,"column":4},"end":{"line":31,"column":5}},"14":{"start":{"line":30,"column":6},"end":{"line":30,"column":113}},"15":{"start":{"line":33,"column":4},"end":{"line":35,"column":5}},"16":{"start":{"line":34,"column":6},"end":{"line":34,"column":101}},"17":{"start":{"line":37,"column":4},"end":{"line":39,"column":5}},"18":{"start":{"line":38,"column":6},"end":{"line":38,"column":111}},"19":{"start":{"line":42,"column":19},"end":{"line":42,"column":67}},"20":{"start":{"line":43,"column":4},"end":{"line":46,"column":9}},"21":{"start":{"line":44,"column":6},"end":{"line":46,"column":9}},"22":{"start":{"line":48,"column":25},"end":{"line":48,"column":70}},"23":{"start":{"line":49,"column":4},"end":{"line":52,"column":9}},"24":{"start":{"line":50,"column":6},"end":{"line":52,"column":9}},"25":{"start":{"line":54,"column":21},"end":{"line":59,"column":6}},"26":{"start":{"line":60,"column":4},"end":{"line":60,"column":35}},"27":{"start":{"line":63,"column":4},"end":{"line":66,"column":7}},"28":{"start":{"line":71,"column":34},"end":{"line":126,"column":1}},"29":{"start":{"line":72,"column":2},"end":{"line":125,"column":3}},"30":{"start":{"line":73,"column":19},"end":{"line":73,"column":29}},"31":{"start":{"line":74,"column":52},"end":{"line":74,"column":60}},"32":{"start":{"line":76,"column":27},"end":{"line":76,"column":54}},"33":{"start":{"line":77,"column":4},"end":{"line":79,"column":5}},"34":{"start":{"line":78,"column":6},"end":{"line":78,"column":74}},"35":{"start":{"line":81,"column":4},"end":{"line":83,"column":5}},"36":{"start":{"line":82,"column":6},"end":{"line":82,"column":107}},"37":{"start":{"line":85,"column":4},"end":{"line":99,"column":5}},"38":{"start":{"line":86,"column":6},"end":{"line":88,"column":7}},"39":{"start":{"line":87,"column":8},"end":{"line":87,"column":98}},"40":{"start":{"line":90,"column":30},"end":{"line":92,"column":8}},"41":{"start":{"line":94,"column":6},"end":{"line":98,"column":7}},"42":{"start":{"line":95,"column":8},"end":{"line":97,"column":11}},"43":{"start":{"line":101,"column":4},"end":{"line":115,"column":5}},"44":{"start":{"line":102,"column":6},"end":{"line":104,"column":7}},"45":{"start":{"line":103,"column":8},"end":{"line":103,"column":103}},"46":{"start":{"line":106,"column":27},"end":{"line":108,"column":8}},"47":{"start":{"line":110,"column":6},"end":{"line":114,"column":7}},"48":{"start":{"line":111,"column":8},"end":{"line":113,"column":11}},"49":{"start":{"line":117,"column":4},"end":{"line":119,"column":5}},"50":{"start":{"line":118,"column":6},"end":{"line":118,"column":111}},"51":{"start":{"line":121,"column":4},"end":{"line":121,"column":55}},"52":{"start":{"line":122,"column":4},"end":{"line":122,"column":50}},"53":{"start":{"line":124,"column":4},"end":{"line":124,"column":77}},"54":{"start":{"line":129,"column":32},"end":{"line":156,"column":1}},"55":{"start":{"line":130,"column":2},"end":{"line":155,"column":3}},"56":{"start":{"line":131,"column":19},"end":{"line":131,"column":29}},"57":{"start":{"line":134,"column":25},"end":{"line":139,"column":6}},"58":{"start":{"line":141,"column":4},"end":{"line":145,"column":5}},"59":{"start":{"line":142,"column":6},"end":{"line":144,"column":9}},"60":{"start":{"line":147,"column":23},"end":{"line":147,"column":64}},"61":{"start":{"line":148,"column":4},"end":{"line":150,"column":5}},"62":{"start":{"line":149,"column":6},"end":{"line":149,"column":74}},"63":{"start":{"line":152,"column":4},"end":{"line":152,"column":48}},"64":{"start":{"line":154,"column":4},"end":{"line":154,"column":75}}},"fnMap":{"0":{"name":"(anonymous_0)","decl":{"start":{"line":10,"column":32},"end":{"line":10,"column":33}},"loc":{"start":{"line":10,"column":52},"end":{"line":17,"column":1}},"line":10},"1":{"name":"(anonymous_1)","decl":{"start":{"line":20,"column":29},"end":{"line":20,"column":30}},"loc":{"start":{"line":20,"column":49},"end":{"line":68,"column":1}},"line":20},"2":{"name":"(anonymous_2)","decl":{"start":{"line":71,"column":34},"end":{"line":71,"column":35}},"loc":{"start":{"line":71,"column":54},"end":{"line":126,"column":1}},"line":71},"3":{"name":"(anonymous_3)","decl":{"start":{"line":129,"column":32},"end":{"line":129,"column":33}},"loc":{"start":{"line":129,"column":52},"end":{"line":156,"column":1}},"line":129}},"branchMap":{"0":{"loc":{"start":{"line":25,"column":4},"end":{"line":27,"column":5}},"type":"if","locations":[{"start":{"line":25,"column":4},"end":{"line":27,"column":5}},{"start":{},"end":{}}],"line":25},"1":{"loc":{"start":{"line":25,"column":8},"end":{"line":25,"column":73}},"type":"binary-expr","locations":[{"start":{"line":25,"column":8},"end":{"line":25,"column":15}},{"start":{"line":25,"column":19},"end":{"line":25,"column":45}},{"start":{"line":25,"column":49},"end":{"line":25,"column":73}}],"line":25},"2":{"loc":{"start":{"line":29,"column":4},"end":{"line":31,"column":5}},"type":"if","locations":[{"start":{"line":29,"column":4},"end":{"line":31,"column":5}},{"start":{},"end":{}}],"line":29},"3":{"loc":{"start":{"line":29,"column":8},"end":{"line":29,"column":53}},"type":"binary-expr","locations":[{"start":{"line":29,"column":8},"end":{"line":29,"column":18}},{"start":{"line":29,"column":22},"end":{"line":29,"column":53}}],"line":29},"4":{"loc":{"start":{"line":33,"column":4},"end":{"line":35,"column":5}},"type":"if","locations":[{"start":{"line":33,"column":4},"end":{"line":35,"column":5}},{"start":{},"end":{}}],"line":33},"5":{"loc":{"start":{"line":33,"column":8},"end":{"line":33,"column":42}},"type":"binary-expr","locations":[{"start":{"line":33,"column":8},"end":{"line":33,"column":14}},{"start":{"line":33,"column":18},"end":{"line":33,"column":42}}],"line":33},"6":{"loc":{"start":{"line":37,"column":4},"end":{"line":39,"column":5}},"type":"if","locations":[{"start":{"line":37,"column":4},"end":{"line":39,"column":5}},{"start":{},"end":{}}],"line":37},"7":{"loc":{"start":{"line":37,"column":8},"end":{"line":37,"column":46}},"type":"binary-expr","locations":[{"start":{"line":37,"column":8},"end":{"line":37,"column":16}},{"start":{"line":37,"column":20},"end":{"line":37,"column":46}}],"line":37},"8":{"loc":{"start":{"line":43,"column":4},"end":{"line":46,"column":9}},"type":"if","locations":[{"start":{"line":43,"column":4},"end":{"line":46,"column":9}},{"start":{},"end":{}}],"line":43},"9":{"loc":{"start":{"line":49,"column":4},"end":{"line":52,"column":9}},"type":"if","locations":[{"start":{"line":49,"column":4},"end":{"line":52,"column":9}},{"start":{},"end":{}}],"line":49},"10":{"loc":{"start":{"line":57,"column":16},"end":{"line":57,"column":32}},"type":"binary-expr","locations":[{"start":{"line":57,"column":16},"end":{"line":57,"column":24}},{"start":{"line":57,"column":28},"end":{"line":57,"column":32}}],"line":57},"11":{"loc":{"start":{"line":58,"column":14},"end":{"line":58,"column":28}},"type":"binary-expr","locations":[{"start":{"line":58,"column":14},"end":{"line":58,"column":20}},{"start":{"line":58,"column":24},"end":{"line":58,"column":28}}],"line":58},"12":{"loc":{"start":{"line":77,"column":4},"end":{"line":79,"column":5}},"type":"if","locations":[{"start":{"line":77,"column":4},"end":{"line":79,"column":5}},{"start":{},"end":{}}],"line":77},"13":{"loc":{"start":{"line":81,"column":4},"end":{"line":83,"column":5}},"type":"if","locations":[{"start":{"line":81,"column":4},"end":{"line":83,"column":5}},{"start":{},"end":{}}],"line":81},"14":{"loc":{"start":{"line":81,"column":8},"end":{"line":81,"column":88}},"type":"binary-expr","locations":[{"start":{"line":81,"column":8},"end":{"line":81,"column":28}},{"start":{"line":81,"column":33},"end":{"line":81,"column":59}},{"start":{"line":81,"column":63},"end":{"line":81,"column":87}}],"line":81},"15":{"loc":{"start":{"line":85,"column":4},"end":{"line":99,"column":5}},"type":"if","locations":[{"start":{"line":85,"column":4},"end":{"line":99,"column":5}},{"start":{},"end":{}}],"line":85},"16":{"loc":{"start":{"line":86,"column":6},"end":{"line":88,"column":7}},"type":"if","locations":[{"start":{"line":86,"column":6},"end":{"line":88,"column":7}},{"start":{},"end":{}}],"line":86},"17":{"loc":{"start":{"line":94,"column":6},"end":{"line":98,"column":7}},"type":"if","locations":[{"start":{"line":94,"column":6},"end":{"line":98,"column":7}},{"start":{},"end":{}}],"line":94},"18":{"loc":{"start":{"line":101,"column":4},"end":{"line":115,"column":5}},"type":"if","locations":[{"start":{"line":101,"column":4},"end":{"line":115,"column":5}},{"start":{},"end":{}}],"line":101},"19":{"loc":{"start":{"line":101,"column":8},"end":{"line":101,"column":64}},"type":"binary-expr","locations":[{"start":{"line":101,"column":8},"end":{"line":101,"column":28}},{"start":{"line":101,"column":32},"end":{"line":101,"column":47}},{"start":{"line":101,"column":51},"end":{"line":101,"column":64}}],"line":101},"20":{"loc":{"start":{"line":102,"column":6},"end":{"line":104,"column":7}},"type":"if","locations":[{"start":{"line":102,"column":6},"end":{"line":104,"column":7}},{"start":{},"end":{}}],"line":102},"21":{"loc":{"start":{"line":110,"column":6},"end":{"line":114,"column":7}},"type":"if","locations":[{"start":{"line":110,"column":6},"end":{"line":114,"column":7}},{"start":{},"end":{}}],"line":110},"22":{"loc":{"start":{"line":117,"column":4},"end":{"line":119,"column":5}},"type":"if","locations":[{"start":{"line":117,"column":4},"end":{"line":119,"column":5}},{"start":{},"end":{}}],"line":117},"23":{"loc":{"start":{"line":117,"column":8},"end":{"line":117,"column":100}},"type":"binary-expr","locations":[{"start":{"line":117,"column":8},"end":{"line":117,"column":30}},{"start":{"line":117,"column":34},"end":{"line":117,"column":51}},{"start":{"line":117,"column":55},"end":{"line":117,"column":70}},{"start":{"line":117,"column":74},"end":{"line":117,"column":100}}],"line":117},"24":{"loc":{"start":{"line":141,"column":4},"end":{"line":145,"column":5}},"type":"if","locations":[{"start":{"line":141,"column":4},"end":{"line":145,"column":5}},{"start":{},"end":{}}],"line":141},"25":{"loc":{"start":{"line":148,"column":4},"end":{"line":150,"column":5}},"type":"if","locations":[{"start":{"line":148,"column":4},"end":{"line":150,"column":5}},{"start":{},"end":{}}],"line":148}},"s":{"0":3,"1":3,"2":3,"3":3,"4":2,"5":2,"6":1,"7":1,"8":3,"9":8,"10":8,"11":8,"12":1,"13":7,"14":1,"15":6,"16":1,"17":5,"18":0,"19":5,"20":5,"21":1,"22":4,"23":4,"24":1,"25":3,"26":2,"27":1,"28":3,"29":4,"30":4,"31":4,"32":4,"33":4,"34":1,"35":3,"36":0,"37":3,"38":1,"39":0,"40":1,"41":1,"42":1,"43":2,"44":0,"45":0,"46":0,"47":0,"48":0,"49":2,"50":0,"51":2,"52":1,"53":1,"54":3,"55":3,"56":3,"57":3,"58":3,"59":1,"60":2,"61":1,"62":0,"63":1,"64":1},"f":{"0":2,"1":8,"2":4,"3":3},"b":{"0":[1,7],"1":[8,8,8],"2":[1,6],"3":[7,7],"4":[1,5],"5":[6,6],"6":[0,5],"7":[5,2],"8":[1,4],"9":[1,3],"10":[3,1],"11":[3,0],"12":[1,3],"13":[0,3],"14":[3,2,2],"15":[1,2],"16":[0,1],"17":[1,0],"18":[0,2],"19":[2,0,0],"20":[0,0],"21":[0,0],"22":[0,2],"23":[2,0,0,0],"24":[1,2],"25":[0,1]},"_coverageSchema":"1a1c01bbd47fc00a2c39e90264f33305004495a9","hash":"89858293cf0b74ee30398230211e68577328b98e"}
,"D:\\Proyectos\\mediplan\\backend\\src\\middlewares\\auth.middleware.js": {"path":"D:\\Proyectos\\mediplan\\backend\\src\\middlewares\\auth.middleware.js","statementMap":{"0":{"start":{"line":3,"column":30},"end":{"line":19,"column":1}},"1":{"start":{"line":4,"column":17},"end":{"line":4,"column":45}},"2":{"start":{"line":5,"column":2},"end":{"line":6,"column":72}},"3":{"start":{"line":6,"column":4},"end":{"line":6,"column":72}},"4":{"start":{"line":8,"column":16},"end":{"line":8,"column":36}},"5":{"start":{"line":9,"column":2},"end":{"line":10,"column":75}},"6":{"start":{"line":10,"column":4},"end":{"line":10,"column":75}},"7":{"start":{"line":12,"column":2},"end":{"line":18,"column":3}},"8":{"start":{"line":13,"column":20},"end":{"line":13,"column":61}},"9":{"start":{"line":14,"column":4},"end":{"line":14,"column":26}},"10":{"start":{"line":15,"column":4},"end":{"line":15,"column":11}},"11":{"start":{"line":17,"column":4},"end":{"line":17,"column":68}}},"fnMap":{"0":{"name":"(anonymous_0)","decl":{"start":{"line":3,"column":30},"end":{"line":3,"column":31}},"loc":{"start":{"line":3,"column":50},"end":{"line":19,"column":1}},"line":3}},"branchMap":{"0":{"loc":{"start":{"line":5,"column":2},"end":{"line":6,"column":72}},"type":"if","locations":[{"start":{"line":5,"column":2},"end":{"line":6,"column":72}},{"start":{},"end":{}}],"line":5},"1":{"loc":{"start":{"line":9,"column":2},"end":{"line":10,"column":75}},"type":"if","locations":[{"start":{"line":9,"column":2},"end":{"line":10,"column":75}},{"start":{},"end":{}}],"line":9}},"s":{"0":5,"1":12,"2":12,"3":2,"4":10,"5":10,"6":2,"7":8,"8":8,"9":6,"10":6,"11":2},"f":{"0":12},"b":{"0":[2,10],"1":[2,8]},"_coverageSchema":"1a1c01bbd47fc00a2c39e90264f33305004495a9","hash":"87d0902b502d06d3aeecccbbb2711daa2d56de6c"}
,"D:\\Proyectos\\mediplan\\backend\\src\\models\\Cita.js": {"path":"D:\\Proyectos\\mediplan\\backend\\src\\models\\Cita.js","statementMap":{"0":{"start":{"line":6,"column":20},"end":{"line":41,"column":1}},"1":{"start":{"line":44,"column":0},"end":{"line":44,"column":92}},"2":{"start":{"line":45,"column":0},"end":{"line":45,"column":96}},"3":{"start":{"line":46,"column":0},"end":{"line":46,"column":52}},"4":{"start":{"line":47,"column":0},"end":{"line":47,"column":56}}},"fnMap":{},"branchMap":{},"s":{"0":7,"1":7,"2":7,"3":7,"4":7},"f":{},"b":{},"_coverageSchema":"1a1c01bbd47fc00a2c39e90264f33305004495a9","hash":"5665de1981fc3abba8f737842937ffe6d6344513"}
,"D:\\Proyectos\\mediplan\\backend\\src\\models\\Doctor.js": {"path":"D:\\Proyectos\\mediplan\\backend\\src\\models\\Doctor.js","statementMap":{"0":{"start":{"line":5,"column":22},"end":{"line":19,"column":1}}},"fnMap":{},"branchMap":{},"s":{"0":9},"f":{},"b":{},"_coverageSchema":"1a1c01bbd47fc00a2c39e90264f33305004495a9","hash":"c99195404a0deed4fca804536d5db36cee213e97"}
,"D:\\Proyectos\\mediplan\\backend\\src\\models\\Paciente.js": {"path":"D:\\Proyectos\\mediplan\\backend\\src\\models\\Paciente.js","statementMap":{"0":{"start":{"line":4,"column":24},"end":{"line":18,"column":1}}},"fnMap":{},"branchMap":{},"s":{"0":7},"f":{},"b":{},"_coverageSchema":"1a1c01bbd47fc00a2c39e90264f33305004495a9","hash":"4b979212dfb5a3e3081ecd91fe4b759fe9f9f9fb"}
,"D:\\Proyectos\\mediplan\\backend\\src\\models\\Usuario.js": {"path":"D:\\Proyectos\\mediplan\\backend\\src\\models\\Usuario.js","statementMap":{"0":{"start":{"line":4,"column":23},"end":{"line":21,"column":1}}},"fnMap":{},"branchMap":{},"s":{"0":3},"f":{},"b":{},"_coverageSchema":"1a1c01bbd47fc00a2c39e90264f33305004495a9","hash":"ecca0e1c149c2124219d9b4f29ec7df8e162c364"}
,"D:\\Proyectos\\mediplan\\backend\\src\\routes\\auth.routes.js": {"path":"D:\\Proyectos\\mediplan\\backend\\src\\routes\\auth.routes.js","statementMap":{"0":{"start":{"line":4,"column":15},"end":{"line":4,"column":31}},"1":{"start":{"line":6,"column":0},"end":{"line":6,"column":43}},"2":{"start":{"line":7,"column":0},"end":{"line":7,"column":36}}},"fnMap":{},"branchMap":{},"s":{"0":1,"1":1,"2":1},"f":{},"b":{},"_coverageSchema":"1a1c01bbd47fc00a2c39e90264f33305004495a9","hash":"1ebf7677925dc659a1e263e4cb63752b685a75cc"}
,"D:\\Proyectos\\mediplan\\backend\\src\\routes\\cita.routes.js": {"path":"D:\\Proyectos\\mediplan\\backend\\src\\routes\\cita.routes.js","statementMap":{"0":{"start":{"line":5,"column":15},"end":{"line":5,"column":31}},"1":{"start":{"line":7,"column":0},"end":{"line":7,"column":46}},"2":{"start":{"line":8,"column":0},"end":{"line":8,"column":44}},"3":{"start":{"line":9,"column":0},"end":{"line":9,"column":51}},"4":{"start":{"line":10,"column":0},"end":{"line":10,"column":52}}},"fnMap":{},"branchMap":{},"s":{"0":2,"1":2,"2":2,"3":2,"4":2},"f":{},"b":{},"_coverageSchema":"1a1c01bbd47fc00a2c39e90264f33305004495a9","hash":"3dcd485b25b875b64ea2eac2b8dfe9e2796758da"}
,"D:\\Proyectos\\mediplan\\backend\\src\\routes\\doctor.routes.js": {"path":"D:\\Proyectos\\mediplan\\backend\\src\\routes\\doctor.routes.js","statementMap":{"0":{"start":{"line":5,"column":15},"end":{"line":5,"column":31}},"1":{"start":{"line":7,"column":0},"end":{"line":7,"column":33}},"2":{"start":{"line":8,"column":0},"end":{"line":8,"column":30}},"3":{"start":{"line":10,"column":0},"end":{"line":12,"column":3}},"4":{"start":{"line":11,"column":2},"end":{"line":11,"column":83}}},"fnMap":{"0":{"name":"(anonymous_0)","decl":{"start":{"line":10,"column":41},"end":{"line":10,"column":42}},"loc":{"start":{"line":10,"column":55},"end":{"line":12,"column":1}},"line":10}},"branchMap":{},"s":{"0":2,"1":2,"2":2,"3":2,"4":1},"f":{"0":1},"b":{},"_coverageSchema":"1a1c01bbd47fc00a2c39e90264f33305004495a9","hash":"4eb3ff7fe0c43f5e91630e956ff67787f3ed3b5c"}
,"D:\\Proyectos\\mediplan\\backend\\src\\routes\\paciente.routes.js": {"path":"D:\\Proyectos\\mediplan\\backend\\src\\routes\\paciente.routes.js","statementMap":{"0":{"start":{"line":5,"column":15},"end":{"line":5,"column":31}},"1":{"start":{"line":8,"column":0},"end":{"line":8,"column":50}},"2":{"start":{"line":9,"column":0},"end":{"line":9,"column":48}},"3":{"start":{"line":10,"column":0},"end":{"line":10,"column":55}},"4":{"start":{"line":11,"column":0},"end":{"line":11,"column":56}}},"fnMap":{},"branchMap":{},"s":{"0":2,"1":2,"2":2,"3":2,"4":2},"f":{},"b":{},"_coverageSchema":"1a1c01bbd47fc00a2c39e90264f33305004495a9","hash":"0f37d97d5ba120803fd8a0e4b24fd961da20c621"}
}
