TN:
SF:src\app.js
FNF:0
FNH:0
DA:9,0
DA:11,0
DA:12,0
DA:15,0
DA:16,0
DA:17,0
DA:18,0
DA:21,0
DA:22,0
LF:9
LH:0
BRF:0
BRH:0
end_of_record
TN:
SF:src\seed.js
FN:8,(anonymous_0)
FNF:1
FNH:0
FNDA:0,(anonymous_0)
DA:8,0
DA:9,0
DA:10,0
DA:12,0
DA:13,0
DA:14,0
DA:17,0
DA:22,0
DA:23,0
DA:24,0
DA:26,0
DA:27,0
DA:33,0
DA:37,0
DA:52,0
DA:53,0
DA:54,0
DA:55,0
DA:56,0
DA:57,0
DA:59,0
DA:60,0
DA:61,0
DA:66,0
DA:87,0
DA:88,0
DA:89,0
DA:90,0
DA:91,0
DA:92,0
DA:94,0
DA:95,0
DA:96,0
DA:101,0
DA:102,0
DA:103,0
DA:104,0
DA:105,0
DA:106,0
DA:107,0
DA:109,0
DA:130,0
DA:131,0
DA:139,0
DA:140,0
DA:142,0
DA:143,0
DA:149,0
DA:151,0
DA:152,0
DA:154,0
DA:155,0
DA:159,0
LF:53
LH:0
BRDA:22,0,0,0
BRDA:22,0,1,0
BRDA:55,1,0,0
BRDA:55,1,1,0
BRDA:90,2,0,0
BRDA:90,2,1,0
BRDA:139,3,0,0
BRDA:139,3,1,0
BRF:8
BRH:0
end_of_record
TN:
SF:src\config\database.js
FN:17,(anonymous_0)
FNF:1
FNH:0
FNDA:0,(anonymous_0)
DA:4,11
DA:6,11
DA:17,11
DA:18,0
DA:19,0
DA:20,0
DA:22,0
LF:7
LH:3
BRF:0
BRH:0
end_of_record
TN:
SF:src\controllers\auth.controller.js
FN:5,(anonymous_0)
FN:13,(anonymous_1)
FN:22,(anonymous_2)
FN:57,(anonymous_3)
FNF:4
FNH:4
FNDA:2,(anonymous_0)
FNDA:1,(anonymous_1)
FNDA:4,(anonymous_2)
FNDA:6,(anonymous_3)
DA:5,3
DA:6,2
DA:7,2
DA:8,0
DA:10,2
DA:13,3
DA:14,1
DA:22,3
DA:23,4
DA:24,4
DA:27,4
DA:28,4
DA:29,2
DA:32,2
DA:33,2
DA:35,2
DA:42,1
DA:52,1
DA:57,3
DA:58,6
DA:59,6
DA:61,6
DA:62,5
DA:63,2
DA:65,3
DA:66,3
DA:67,2
DA:69,1
DA:71,1
DA:82,1
LF:30
LH:29
BRDA:7,0,0,0
BRDA:7,0,1,2
BRDA:28,1,0,2
BRDA:28,1,1,2
BRDA:62,2,0,2
BRDA:62,2,1,3
BRDA:66,3,0,2
BRDA:66,3,1,1
BRF:8
BRH:7
end_of_record
TN:
SF:src\controllers\cita.controller.js
FN:7,(anonymous_0)
FN:16,(anonymous_1)
FN:31,(anonymous_2)
FN:107,(anonymous_3)
FN:197,(anonymous_4)
FNF:5
FNH:5
FNDA:4,(anonymous_0)
FNDA:3,(anonymous_1)
FNDA:4,(anonymous_2)
FNDA:3,(anonymous_3)
FNDA:2,(anonymous_4)
DA:6,4
DA:7,4
DA:8,4
DA:9,4
DA:10,0
DA:12,4
DA:16,4
DA:17,3
DA:18,3
DA:24,1
DA:26,2
DA:31,4
DA:32,4
DA:33,4
DA:36,4
DA:37,0
DA:42,4
DA:43,4
DA:44,0
DA:47,4
DA:48,1
DA:51,3
DA:52,0
DA:55,3
DA:56,3
DA:57,1
DA:60,2
DA:61,2
DA:62,0
DA:65,2
DA:73,2
DA:74,1
DA:79,1
DA:87,1
DA:88,0
DA:93,1
DA:100,1
DA:102,0
DA:107,4
DA:108,3
DA:109,3
DA:110,3
DA:112,3
DA:113,3
DA:114,0
DA:117,3
DA:118,1
DA:123,2
DA:124,2
DA:125,0
DA:126,0
DA:127,0
DA:129,0
DA:130,0
DA:132,0
DA:135,2
DA:136,0
DA:139,2
DA:140,2
DA:141,2
DA:143,2
DA:144,0
DA:145,0
DA:146,0
DA:150,2
DA:151,0
DA:152,0
DA:153,0
DA:157,2
DA:158,2
DA:167,2
DA:168,0
DA:173,2
DA:182,2
DA:183,0
DA:189,2
DA:190,1
DA:192,1
DA:197,4
DA:198,2
DA:199,2
DA:200,2
DA:201,1
DA:203,1
LF:84
LH:61
BRDA:9,0,0,0
BRDA:9,0,1,4
BRDA:36,1,0,0
BRDA:36,1,1,4
BRDA:36,2,0,4
BRDA:36,2,1,4
BRDA:36,2,2,4
BRDA:43,3,0,0
BRDA:43,3,1,4
BRDA:47,4,0,1
BRDA:47,4,1,3
BRDA:51,5,0,0
BRDA:51,5,1,3
BRDA:51,6,0,3
BRDA:51,6,1,3
BRDA:56,7,0,1
BRDA:56,7,1,2
BRDA:61,8,0,0
BRDA:61,8,1,2
BRDA:73,9,0,1
BRDA:73,9,1,1
BRDA:87,10,0,0
BRDA:87,10,1,1
BRDA:113,11,0,0
BRDA:113,11,1,3
BRDA:117,12,0,1
BRDA:117,12,1,2
BRDA:117,13,0,3
BRDA:117,13,1,1
BRDA:117,13,2,1
BRDA:124,14,0,0
BRDA:124,14,1,2
BRDA:126,15,0,0
BRDA:126,15,1,0
BRDA:129,16,0,0
BRDA:129,16,1,0
BRDA:135,17,0,0
BRDA:135,17,1,2
BRDA:135,18,0,2
BRDA:135,18,1,2
BRDA:139,19,0,2
BRDA:139,19,1,2
BRDA:140,20,0,2
BRDA:140,20,1,2
BRDA:141,21,0,2
BRDA:141,21,1,0
BRDA:143,22,0,0
BRDA:143,22,1,2
BRDA:145,23,0,0
BRDA:145,23,1,0
BRDA:150,24,0,0
BRDA:150,24,1,2
BRDA:152,25,0,0
BRDA:152,25,1,0
BRDA:157,26,0,2
BRDA:157,26,1,0
BRDA:167,27,0,0
BRDA:167,27,1,2
BRDA:182,28,0,0
BRDA:182,28,1,2
BRF:60
BRH:37
end_of_record
TN:
SF:src\controllers\doctor.controller.js
FN:5,(anonymous_0)
FN:13,(anonymous_1)
FN:22,(anonymous_2)
FN:63,(anonymous_3)
FNF:4
FNH:3
FNDA:1,(anonymous_0)
FNDA:2,(anonymous_1)
FNDA:6,(anonymous_2)
FNDA:0,(anonymous_3)
DA:3,4
DA:4,4
DA:5,4
DA:6,1
DA:7,1
DA:8,0
DA:10,1
DA:13,4
DA:14,2
DA:15,2
DA:16,2
DA:18,0
DA:22,4
DA:23,6
DA:24,6
DA:27,6
DA:28,1
DA:31,5
DA:32,0
DA:35,5
DA:36,1
DA:39,4
DA:40,1
DA:43,3
DA:44,3
DA:45,3
DA:46,1
DA:50,2
DA:57,1
DA:59,1
DA:63,4
DA:64,0
DA:65,0
DA:66,0
DA:68,0
DA:69,0
DA:72,0
DA:74,0
LF:38
LH:28
BRDA:7,0,0,0
BRDA:7,0,1,1
BRDA:27,1,0,1
BRDA:27,1,1,5
BRDA:27,2,0,6
BRDA:27,2,1,6
BRDA:27,2,2,6
BRDA:31,3,0,0
BRDA:31,3,1,5
BRDA:31,4,0,5
BRDA:31,4,1,5
BRDA:31,4,2,5
BRDA:35,5,0,1
BRDA:35,5,1,4
BRDA:35,6,0,5
BRDA:35,6,1,5
BRDA:39,7,0,1
BRDA:39,7,1,3
BRDA:39,8,0,4
BRDA:39,8,1,3
BRDA:43,9,0,3
BRDA:43,9,1,0
BRDA:45,10,0,1
BRDA:45,10,1,2
BRDA:53,11,0,2
BRDA:53,11,1,0
BRDA:54,12,0,2
BRDA:54,12,1,0
BRDA:68,13,0,0
BRDA:68,13,1,0
BRF:30
BRH:23
end_of_record
TN:
SF:src\controllers\paciente.controller.js
FN:8,(anonymous_0)
FN:17,(anonymous_1)
FN:27,(anonymous_2)
FN:75,(anonymous_3)
FN:133,(anonymous_4)
FNF:5
FNH:5
FNDA:4,(anonymous_0)
FNDA:2,(anonymous_1)
FNDA:8,(anonymous_2)
FNDA:4,(anonymous_3)
FNDA:3,(anonymous_4)
DA:5,3
DA:6,3
DA:7,3
DA:8,3
DA:9,4
DA:10,4
DA:11,0
DA:13,4
DA:17,3
DA:18,2
DA:19,2
DA:20,1
DA:22,1
DA:27,3
DA:28,8
DA:29,8
DA:32,8
DA:33,1
DA:36,7
DA:37,1
DA:40,6
DA:41,1
DA:44,5
DA:45,0
DA:49,5
DA:50,5
DA:51,1
DA:55,4
DA:56,4
DA:57,1
DA:61,3
DA:67,2
DA:70,1
DA:75,3
DA:76,4
DA:77,4
DA:78,4
DA:80,4
DA:81,4
DA:82,1
DA:85,3
DA:86,0
DA:89,3
DA:90,1
DA:91,0
DA:94,1
DA:98,1
DA:99,1
DA:105,2
DA:106,0
DA:107,0
DA:110,0
DA:114,0
DA:115,0
DA:121,2
DA:122,0
DA:125,2
DA:126,1
DA:128,1
DA:133,3
DA:134,3
DA:135,3
DA:138,3
DA:145,3
DA:146,1
DA:151,2
DA:152,1
DA:153,0
DA:156,1
DA:158,1
LF:70
LH:59
BRDA:10,0,0,0
BRDA:10,0,1,4
BRDA:32,1,0,1
BRDA:32,1,1,7
BRDA:32,2,0,8
BRDA:32,2,1,8
BRDA:32,2,2,8
BRDA:36,3,0,1
BRDA:36,3,1,6
BRDA:36,4,0,7
BRDA:36,4,1,7
BRDA:40,5,0,1
BRDA:40,5,1,5
BRDA:40,6,0,6
BRDA:40,6,1,6
BRDA:44,7,0,0
BRDA:44,7,1,5
BRDA:44,8,0,5
BRDA:44,8,1,2
BRDA:50,9,0,1
BRDA:50,9,1,4
BRDA:56,10,0,1
BRDA:56,10,1,3
BRDA:64,11,0,3
BRDA:64,11,1,1
BRDA:65,12,0,3
BRDA:65,12,1,0
BRDA:81,13,0,1
BRDA:81,13,1,3
BRDA:85,14,0,0
BRDA:85,14,1,3
BRDA:85,15,0,3
BRDA:85,15,1,2
BRDA:85,15,2,2
BRDA:89,16,0,1
BRDA:89,16,1,2
BRDA:90,17,0,0
BRDA:90,17,1,1
BRDA:98,18,0,1
BRDA:98,18,1,0
BRDA:105,19,0,0
BRDA:105,19,1,2
BRDA:105,20,0,2
BRDA:105,20,1,0
BRDA:105,20,2,0
BRDA:106,21,0,0
BRDA:106,21,1,0
BRDA:114,22,0,0
BRDA:114,22,1,0
BRDA:121,23,0,0
BRDA:121,23,1,2
BRDA:121,24,0,2
BRDA:121,24,1,0
BRDA:121,24,2,0
BRDA:121,24,3,0
BRDA:145,25,0,1
BRDA:145,25,1,2
BRDA:152,26,0,0
BRDA:152,26,1,1
BRF:59
BRH:41
end_of_record
TN:
SF:src\middlewares\auth.middleware.js
FN:3,(anonymous_0)
FN:23,(anonymous_1)
FN:24,(anonymous_2)
FNF:3
FNH:3
FNDA:15,(anonymous_0)
FNDA:10,(anonymous_1)
FNDA:4,(anonymous_2)
DA:3,5
DA:4,15
DA:5,15
DA:6,2
DA:8,13
DA:9,13
DA:10,2
DA:12,11
DA:13,11
DA:15,9
DA:16,9
DA:17,9
DA:19,2
DA:23,5
DA:24,10
DA:25,4
DA:26,3
DA:30,1
LF:18
LH:18
BRDA:5,0,0,2
BRDA:5,0,1,13
BRDA:9,1,0,2
BRDA:9,1,1,11
BRDA:25,2,0,3
BRDA:25,2,1,1
BRDA:25,3,0,4
BRDA:25,3,1,4
BRF:8
BRH:8
end_of_record
TN:
SF:src\models\Cita.js
FNF:0
FNH:0
DA:6,7
DA:48,7
DA:54,7
DA:60,7
DA:61,7
LF:5
LH:5
BRF:0
BRH:0
end_of_record
TN:
SF:src\models\Doctor.js
FNF:0
FNH:0
DA:5,9
LF:1
LH:1
BRF:0
BRH:0
end_of_record
TN:
SF:src\models\Paciente.js
FNF:0
FNH:0
DA:4,7
LF:1
LH:1
BRF:0
BRH:0
end_of_record
TN:
SF:src\models\Usuario.js
FNF:0
FNH:0
DA:4,3
LF:1
LH:1
BRF:0
BRH:0
end_of_record
TN:
SF:src\routes\auth.routes.js
FNF:0
FNH:0
DA:4,1
DA:6,1
DA:7,1
LF:3
LH:3
BRF:0
BRH:0
end_of_record
TN:
SF:src\routes\cita.routes.js
FNF:0
FNH:0
DA:5,2
DA:7,2
DA:8,2
DA:9,2
DA:10,2
LF:5
LH:5
BRF:0
BRH:0
end_of_record
TN:
SF:src\routes\doctor.routes.js
FN:11,(anonymous_0)
FNF:1
FNH:1
FNDA:1,(anonymous_0)
DA:5,2
DA:7,2
DA:8,2
DA:9,2
DA:11,2
DA:12,1
LF:6
LH:6
BRF:0
BRH:0
end_of_record
TN:
SF:src\routes\paciente.routes.js
FNF:0
FNH:0
DA:5,2
DA:8,2
DA:9,2
DA:10,2
DA:11,2
LF:5
LH:5
BRF:0
BRH:0
end_of_record
