TN:
SF:src\app.js
FNF:0
FNH:0
DA:9,0
DA:11,0
DA:12,0
DA:15,0
DA:16,0
DA:17,0
DA:18,0
DA:21,0
DA:22,0
LF:9
LH:0
BRF:0
BRH:0
end_of_record
TN:
SF:src\config\database.js
FN:17,(anonymous_0)
FNF:1
FNH:0
FNDA:0,(anonymous_0)
DA:4,11
DA:6,11
DA:17,11
DA:18,0
DA:19,0
DA:20,0
DA:22,0
LF:7
LH:3
BRF:0
BRH:0
end_of_record
TN:
SF:src\controllers\auth.controller.js
FN:5,(anonymous_0)
FN:14,(anonymous_1)
FN:49,(anonymous_2)
FNF:3
FNH:3
FNDA:1,(anonymous_0)
FNDA:4,(anonymous_1)
FNDA:6,(anonymous_2)
DA:5,3
DA:6,1
DA:14,3
DA:15,4
DA:16,4
DA:19,4
DA:20,4
DA:21,2
DA:24,2
DA:25,2
DA:27,2
DA:34,1
DA:44,1
DA:49,3
DA:50,6
DA:51,6
DA:53,6
DA:54,5
DA:55,2
DA:57,3
DA:58,3
DA:59,2
DA:61,1
DA:63,1
DA:74,1
LF:25
LH:25
BRDA:20,0,0,2
BRDA:20,0,1,2
BRDA:54,1,0,2
BRDA:54,1,1,3
BRDA:58,2,0,2
BRDA:58,2,1,1
BRF:6
BRH:6
end_of_record
TN:
SF:src\controllers\cita.controller.js
FN:9,(anonymous_0)
FN:24,(anonymous_1)
FN:100,(anonymous_2)
FN:190,(anonymous_3)
FNF:4
FNH:4
FNDA:3,(anonymous_0)
FNDA:4,(anonymous_1)
FNDA:3,(anonymous_2)
FNDA:2,(anonymous_3)
DA:6,4
DA:9,4
DA:10,3
DA:11,3
DA:17,1
DA:19,2
DA:24,4
DA:25,4
DA:26,4
DA:29,4
DA:30,0
DA:35,4
DA:36,4
DA:37,0
DA:40,4
DA:41,1
DA:44,3
DA:45,0
DA:48,3
DA:49,3
DA:50,1
DA:53,2
DA:54,2
DA:55,0
DA:58,2
DA:66,2
DA:67,1
DA:72,1
DA:80,1
DA:81,0
DA:86,1
DA:93,1
DA:95,0
DA:100,4
DA:101,3
DA:102,3
DA:103,3
DA:105,3
DA:106,3
DA:107,0
DA:110,3
DA:111,1
DA:116,2
DA:117,2
DA:118,0
DA:119,0
DA:120,0
DA:122,0
DA:123,0
DA:125,0
DA:128,2
DA:129,0
DA:132,2
DA:133,2
DA:134,2
DA:136,2
DA:137,0
DA:138,0
DA:139,0
DA:143,2
DA:144,0
DA:145,0
DA:146,0
DA:150,2
DA:151,2
DA:160,2
DA:161,0
DA:166,2
DA:175,2
DA:176,0
DA:182,2
DA:183,1
DA:185,1
DA:190,4
DA:191,2
DA:192,2
DA:193,2
DA:194,1
DA:196,1
LF:79
LH:57
BRDA:29,0,0,0
BRDA:29,0,1,4
BRDA:29,1,0,4
BRDA:29,1,1,4
BRDA:29,1,2,4
BRDA:36,2,0,0
BRDA:36,2,1,4
BRDA:40,3,0,1
BRDA:40,3,1,3
BRDA:44,4,0,0
BRDA:44,4,1,3
BRDA:44,5,0,3
BRDA:44,5,1,3
BRDA:49,6,0,1
BRDA:49,6,1,2
BRDA:54,7,0,0
BRDA:54,7,1,2
BRDA:66,8,0,1
BRDA:66,8,1,1
BRDA:80,9,0,0
BRDA:80,9,1,1
BRDA:106,10,0,0
BRDA:106,10,1,3
BRDA:110,11,0,1
BRDA:110,11,1,2
BRDA:110,12,0,3
BRDA:110,12,1,1
BRDA:110,12,2,1
BRDA:117,13,0,0
BRDA:117,13,1,2
BRDA:119,14,0,0
BRDA:119,14,1,0
BRDA:122,15,0,0
BRDA:122,15,1,0
BRDA:128,16,0,0
BRDA:128,16,1,2
BRDA:128,17,0,2
BRDA:128,17,1,2
BRDA:132,18,0,2
BRDA:132,18,1,2
BRDA:133,19,0,2
BRDA:133,19,1,2
BRDA:134,20,0,2
BRDA:134,20,1,0
BRDA:136,21,0,0
BRDA:136,21,1,2
BRDA:138,22,0,0
BRDA:138,22,1,0
BRDA:143,23,0,0
BRDA:143,23,1,2
BRDA:145,24,0,0
BRDA:145,24,1,0
BRDA:150,25,0,2
BRDA:150,25,1,0
BRDA:160,26,0,0
BRDA:160,26,1,2
BRDA:175,27,0,0
BRDA:175,27,1,2
BRF:58
BRH:36
end_of_record
TN:
SF:src\controllers\doctor.controller.js
FN:6,(anonymous_0)
FN:15,(anonymous_1)
FNF:2
FNH:2
FNDA:2,(anonymous_0)
FNDA:6,(anonymous_1)
DA:3,4
DA:4,4
DA:6,4
DA:7,2
DA:8,2
DA:9,2
DA:11,0
DA:15,4
DA:16,6
DA:17,6
DA:20,6
DA:21,1
DA:24,5
DA:25,0
DA:28,5
DA:29,1
DA:32,4
DA:33,1
DA:36,3
DA:37,3
DA:38,3
DA:39,1
DA:43,2
DA:50,1
DA:52,1
LF:25
LH:23
BRDA:20,0,0,1
BRDA:20,0,1,5
BRDA:20,1,0,6
BRDA:20,1,1,6
BRDA:20,1,2,6
BRDA:24,2,0,0
BRDA:24,2,1,5
BRDA:24,3,0,5
BRDA:24,3,1,5
BRDA:24,3,2,5
BRDA:28,4,0,1
BRDA:28,4,1,4
BRDA:28,5,0,5
BRDA:28,5,1,5
BRDA:32,6,0,1
BRDA:32,6,1,3
BRDA:32,7,0,4
BRDA:32,7,1,3
BRDA:36,8,0,3
BRDA:36,8,1,0
BRDA:38,9,0,1
BRDA:38,9,1,2
BRDA:46,10,0,2
BRDA:46,10,1,0
BRDA:47,11,0,2
BRDA:47,11,1,0
BRF:26
BRH:22
end_of_record
TN:
SF:src\controllers\paciente.controller.js
FN:10,(anonymous_0)
FN:20,(anonymous_1)
FN:71,(anonymous_2)
FN:129,(anonymous_3)
FNF:4
FNH:4
FNDA:2,(anonymous_0)
FNDA:8,(anonymous_1)
FNDA:4,(anonymous_2)
FNDA:3,(anonymous_3)
DA:5,3
DA:6,3
DA:7,3
DA:10,3
DA:11,2
DA:12,2
DA:13,1
DA:15,1
DA:20,3
DA:21,8
DA:22,8
DA:25,8
DA:26,1
DA:29,7
DA:30,1
DA:33,6
DA:34,1
DA:37,5
DA:38,0
DA:42,5
DA:43,5
DA:44,1
DA:48,4
DA:49,4
DA:50,1
DA:54,3
DA:60,2
DA:63,1
DA:71,3
DA:72,4
DA:73,4
DA:74,4
DA:76,4
DA:77,4
DA:78,1
DA:81,3
DA:82,0
DA:85,3
DA:86,1
DA:87,0
DA:90,1
DA:94,1
DA:95,1
DA:101,2
DA:102,0
DA:103,0
DA:106,0
DA:110,0
DA:111,0
DA:117,2
DA:118,0
DA:121,2
DA:122,1
DA:124,1
DA:129,3
DA:130,3
DA:131,3
DA:134,3
DA:141,3
DA:142,1
DA:147,2
DA:148,1
DA:149,0
DA:152,1
DA:154,1
LF:65
LH:55
BRDA:25,0,0,1
BRDA:25,0,1,7
BRDA:25,1,0,8
BRDA:25,1,1,8
BRDA:25,1,2,8
BRDA:29,2,0,1
BRDA:29,2,1,6
BRDA:29,3,0,7
BRDA:29,3,1,7
BRDA:33,4,0,1
BRDA:33,4,1,5
BRDA:33,5,0,6
BRDA:33,5,1,6
BRDA:37,6,0,0
BRDA:37,6,1,5
BRDA:37,7,0,5
BRDA:37,7,1,2
BRDA:43,8,0,1
BRDA:43,8,1,4
BRDA:49,9,0,1
BRDA:49,9,1,3
BRDA:57,10,0,3
BRDA:57,10,1,1
BRDA:58,11,0,3
BRDA:58,11,1,0
BRDA:77,12,0,1
BRDA:77,12,1,3
BRDA:81,13,0,0
BRDA:81,13,1,3
BRDA:81,14,0,3
BRDA:81,14,1,2
BRDA:81,14,2,2
BRDA:85,15,0,1
BRDA:85,15,1,2
BRDA:86,16,0,0
BRDA:86,16,1,1
BRDA:94,17,0,1
BRDA:94,17,1,0
BRDA:101,18,0,0
BRDA:101,18,1,2
BRDA:101,19,0,2
BRDA:101,19,1,0
BRDA:101,19,2,0
BRDA:102,20,0,0
BRDA:102,20,1,0
BRDA:110,21,0,0
BRDA:110,21,1,0
BRDA:117,22,0,0
BRDA:117,22,1,2
BRDA:117,23,0,2
BRDA:117,23,1,0
BRDA:117,23,2,0
BRDA:117,23,3,0
BRDA:141,24,0,1
BRDA:141,24,1,2
BRDA:148,25,0,0
BRDA:148,25,1,1
BRF:57
BRH:40
end_of_record
TN:
SF:src\middlewares\auth.middleware.js
FN:3,(anonymous_0)
FNF:1
FNH:1
FNDA:12,(anonymous_0)
DA:3,5
DA:4,12
DA:5,12
DA:6,2
DA:8,10
DA:9,10
DA:10,2
DA:12,8
DA:13,8
DA:14,6
DA:15,6
DA:17,2
LF:12
LH:12
BRDA:5,0,0,2
BRDA:5,0,1,10
BRDA:9,1,0,2
BRDA:9,1,1,8
BRF:4
BRH:4
end_of_record
TN:
SF:src\models\Cita.js
FNF:0
FNH:0
DA:6,7
DA:44,7
DA:45,7
DA:46,7
DA:47,7
LF:5
LH:5
BRF:0
BRH:0
end_of_record
TN:
SF:src\models\Doctor.js
FNF:0
FNH:0
DA:5,9
LF:1
LH:1
BRF:0
BRH:0
end_of_record
TN:
SF:src\models\Paciente.js
FNF:0
FNH:0
DA:4,7
LF:1
LH:1
BRF:0
BRH:0
end_of_record
TN:
SF:src\models\Usuario.js
FNF:0
FNH:0
DA:4,3
LF:1
LH:1
BRF:0
BRH:0
end_of_record
TN:
SF:src\routes\auth.routes.js
FNF:0
FNH:0
DA:4,1
DA:6,1
DA:7,1
LF:3
LH:3
BRF:0
BRH:0
end_of_record
TN:
SF:src\routes\cita.routes.js
FNF:0
FNH:0
DA:5,2
DA:7,2
DA:8,2
DA:9,2
DA:10,2
LF:5
LH:5
BRF:0
BRH:0
end_of_record
TN:
SF:src\routes\doctor.routes.js
FN:10,(anonymous_0)
FNF:1
FNH:1
FNDA:1,(anonymous_0)
DA:5,2
DA:7,2
DA:8,2
DA:10,2
DA:11,1
LF:5
LH:5
BRF:0
BRH:0
end_of_record
TN:
SF:src\routes\paciente.routes.js
FNF:0
FNH:0
DA:5,2
DA:8,2
DA:9,2
DA:10,2
DA:11,2
LF:5
LH:5
BRF:0
BRH:0
end_of_record
